The system is: Linux - 6.8.0-58-generic - x86_64
Compiling the CXX compiler identification source file "CMakeCXXCompilerId.cpp" succeeded.
Compiler: /usr/bin/clang++ 
Build flags: ;-DVERSION_INFO=\"0.0.1\"
Id flags:  

The output was:
0
In file included from <built-in>:404:
<command line>:1:23: warning: missing terminating '"' character [-Winvalid-pp-token]
#define VERSION_INFO \"0.0.1\"
                      ^
1 warning generated.


Compilation of the CXX compiler identification source "CMakeCXXCompilerId.cpp" produced "a.out"

The CXX compiler identification is Clang, found in "/home/ayman/thesis/AgarLE/build/temp.linux-x86_64-cpython-311/CMakeFiles/3.22.1/CompilerIdCXX/a.out"

Detecting CXX compiler ABI info compiled with the following output:
Change Dir: /home/ayman/thesis/AgarLE/build/temp.linux-x86_64-cpython-311/CMakeFiles/CMakeTmp

Run Build Command(s):/usr/bin/gmake -f Makefile cmTC_ff4a5/fast && /usr/bin/gmake  -f CMakeFiles/cmTC_ff4a5.dir/build.make CMakeFiles/cmTC_ff4a5.dir/build
gmake[1]: Entering directory '/home/ayman/thesis/AgarLE/build/temp.linux-x86_64-cpython-311/CMakeFiles/CMakeTmp'
Building CXX object CMakeFiles/cmTC_ff4a5.dir/CMakeCXXCompilerABI.cpp.o
/usr/bin/clang++   -DVERSION_INFO=\"0.0.1\"    -v -MD -MT CMakeFiles/cmTC_ff4a5.dir/CMakeCXXCompilerABI.cpp.o -MF CMakeFiles/cmTC_ff4a5.dir/CMakeCXXCompilerABI.cpp.o.d -o CMakeFiles/cmTC_ff4a5.dir/CMakeCXXCompilerABI.cpp.o -c /usr/share/cmake-3.22/Modules/CMakeCXXCompilerABI.cpp
Ubuntu clang version 14.0.0-1ubuntu1.1
Target: x86_64-pc-linux-gnu
Thread model: posix
InstalledDir: /usr/bin
Found candidate GCC installation: /usr/bin/../lib/gcc/x86_64-linux-gnu/11
Found candidate GCC installation: /usr/bin/../lib/gcc/x86_64-linux-gnu/12
Selected GCC installation: /usr/bin/../lib/gcc/x86_64-linux-gnu/12
Candidate multilib: .;@m64
Selected multilib: .;@m64
 (in-process)
 "/usr/lib/llvm-14/bin/clang" -cc1 -triple x86_64-pc-linux-gnu -emit-obj -mrelax-all --mrelax-relocations -disable-free -clear-ast-before-backend -disable-llvm-verifier -discard-value-names -main-file-name CMakeCXXCompilerABI.cpp -mrelocation-model pic -pic-level 2 -pic-is-pie -mframe-pointer=all -fmath-errno -ffp-contract=on -fno-rounding-math -mconstructor-aliases -funwind-tables=2 -target-cpu x86-64 -tune-cpu generic -mllvm -treat-scalable-fixed-error-as-warning -debugger-tuning=gdb -v -fcoverage-compilation-dir=/home/ayman/thesis/AgarLE/build/temp.linux-x86_64-cpython-311/CMakeFiles/CMakeTmp -resource-dir /usr/lib/llvm-14/lib/clang/14.0.0 -dependency-file CMakeFiles/cmTC_ff4a5.dir/CMakeCXXCompilerABI.cpp.o.d -MT CMakeFiles/cmTC_ff4a5.dir/CMakeCXXCompilerABI.cpp.o -sys-header-deps -D "VERSION_INFO=\"0.0.1\"" -internal-isystem /usr/bin/../lib/gcc/x86_64-linux-gnu/12/../../../../include/c++/12 -internal-isystem /usr/bin/../lib/gcc/x86_64-linux-gnu/12/../../../../include/x86_64-linux-gnu/c++/12 -internal-isystem /usr/bin/../lib/gcc/x86_64-linux-gnu/12/../../../../include/c++/12/backward -internal-isystem /usr/lib/llvm-14/lib/clang/14.0.0/include -internal-isystem /usr/local/include -internal-isystem /usr/bin/../lib/gcc/x86_64-linux-gnu/12/../../../../x86_64-linux-gnu/include -internal-externc-isystem /usr/include/x86_64-linux-gnu -internal-externc-isystem /include -internal-externc-isystem /usr/include -fdeprecated-macro -fdebug-compilation-dir=/home/ayman/thesis/AgarLE/build/temp.linux-x86_64-cpython-311/CMakeFiles/CMakeTmp -ferror-limit 19 -fgnuc-version=4.2.1 -fcxx-exceptions -fexceptions -faddrsig -D__GCC_HAVE_DWARF2_CFI_ASM=1 -o CMakeFiles/cmTC_ff4a5.dir/CMakeCXXCompilerABI.cpp.o -x c++ /usr/share/cmake-3.22/Modules/CMakeCXXCompilerABI.cpp
clang -cc1 version 14.0.0 based upon LLVM 14.0.0 default target x86_64-pc-linux-gnu
ignoring nonexistent directory "/usr/bin/../lib/gcc/x86_64-linux-gnu/12/../../../../x86_64-linux-gnu/include"
ignoring nonexistent directory "/include"
#include "..." search starts here:
#include <...> search starts here:
 /usr/bin/../lib/gcc/x86_64-linux-gnu/12/../../../../include/c++/12
 /usr/bin/../lib/gcc/x86_64-linux-gnu/12/../../../../include/x86_64-linux-gnu/c++/12
 /usr/bin/../lib/gcc/x86_64-linux-gnu/12/../../../../include/c++/12/backward
 /usr/lib/llvm-14/lib/clang/14.0.0/include
 /usr/local/include
 /usr/include/x86_64-linux-gnu
 /usr/include
End of search list.
Linking CXX executable cmTC_ff4a5
/usr/bin/cmake -E cmake_link_script CMakeFiles/cmTC_ff4a5.dir/link.txt --verbose=1
/usr/bin/clang++ -DVERSION_INFO=\"0.0.1\"   -v CMakeFiles/cmTC_ff4a5.dir/CMakeCXXCompilerABI.cpp.o -o cmTC_ff4a5 
Ubuntu clang version 14.0.0-1ubuntu1.1
Target: x86_64-pc-linux-gnu
Thread model: posix
InstalledDir: /usr/bin
Found candidate GCC installation: /usr/bin/../lib/gcc/x86_64-linux-gnu/11
Found candidate GCC installation: /usr/bin/../lib/gcc/x86_64-linux-gnu/12
Selected GCC installation: /usr/bin/../lib/gcc/x86_64-linux-gnu/12
Candidate multilib: .;@m64
Selected multilib: .;@m64
 "/usr/bin/ld" -pie -z relro --hash-style=gnu --build-id --eh-frame-hdr -m elf_x86_64 -dynamic-linker /lib64/ld-linux-x86-64.so.2 -o cmTC_ff4a5 /lib/x86_64-linux-gnu/Scrt1.o /lib/x86_64-linux-gnu/crti.o /usr/bin/../lib/gcc/x86_64-linux-gnu/12/crtbeginS.o -L/usr/bin/../lib/gcc/x86_64-linux-gnu/12 -L/usr/bin/../lib/gcc/x86_64-linux-gnu/12/../../../../lib64 -L/lib/x86_64-linux-gnu -L/lib/../lib64 -L/usr/lib/x86_64-linux-gnu -L/usr/lib/../lib64 -L/usr/lib/llvm-14/bin/../lib -L/lib -L/usr/lib CMakeFiles/cmTC_ff4a5.dir/CMakeCXXCompilerABI.cpp.o -lstdc++ -lm -lgcc_s -lgcc -lc -lgcc_s -lgcc /usr/bin/../lib/gcc/x86_64-linux-gnu/12/crtendS.o /lib/x86_64-linux-gnu/crtn.o
gmake[1]: Leaving directory '/home/ayman/thesis/AgarLE/build/temp.linux-x86_64-cpython-311/CMakeFiles/CMakeTmp'



Parsed CXX implicit include dir info from above output: rv=done
  found start of include info
  found start of implicit include info
    add: [/usr/bin/../lib/gcc/x86_64-linux-gnu/12/../../../../include/c++/12]
    add: [/usr/bin/../lib/gcc/x86_64-linux-gnu/12/../../../../include/x86_64-linux-gnu/c++/12]
    add: [/usr/bin/../lib/gcc/x86_64-linux-gnu/12/../../../../include/c++/12/backward]
    add: [/usr/lib/llvm-14/lib/clang/14.0.0/include]
    add: [/usr/local/include]
    add: [/usr/include/x86_64-linux-gnu]
    add: [/usr/include]
  end of search list found
  collapse include dir [/usr/bin/../lib/gcc/x86_64-linux-gnu/12/../../../../include/c++/12] ==> [/usr/include/c++/12]
  collapse include dir [/usr/bin/../lib/gcc/x86_64-linux-gnu/12/../../../../include/x86_64-linux-gnu/c++/12] ==> [/usr/include/x86_64-linux-gnu/c++/12]
  collapse include dir [/usr/bin/../lib/gcc/x86_64-linux-gnu/12/../../../../include/c++/12/backward] ==> [/usr/include/c++/12/backward]
  collapse include dir [/usr/lib/llvm-14/lib/clang/14.0.0/include] ==> [/usr/lib/llvm-14/lib/clang/14.0.0/include]
  collapse include dir [/usr/local/include] ==> [/usr/local/include]
  collapse include dir [/usr/include/x86_64-linux-gnu] ==> [/usr/include/x86_64-linux-gnu]
  collapse include dir [/usr/include] ==> [/usr/include]
  implicit include dirs: [/usr/include/c++/12;/usr/include/x86_64-linux-gnu/c++/12;/usr/include/c++/12/backward;/usr/lib/llvm-14/lib/clang/14.0.0/include;/usr/local/include;/usr/include/x86_64-linux-gnu;/usr/include]


Parsed CXX implicit link information from above output:
  link line regex: [^( *|.*[/\])(ld|CMAKE_LINK_STARTFILE-NOTFOUND|([^/\]+-)?ld|collect2)[^/\]*( |$)]
  ignore line: [Change Dir: /home/ayman/thesis/AgarLE/build/temp.linux-x86_64-cpython-311/CMakeFiles/CMakeTmp]
  ignore line: []
  ignore line: [Run Build Command(s):/usr/bin/gmake -f Makefile cmTC_ff4a5/fast && /usr/bin/gmake  -f CMakeFiles/cmTC_ff4a5.dir/build.make CMakeFiles/cmTC_ff4a5.dir/build]
  ignore line: [gmake[1]: Entering directory '/home/ayman/thesis/AgarLE/build/temp.linux-x86_64-cpython-311/CMakeFiles/CMakeTmp']
  ignore line: [Building CXX object CMakeFiles/cmTC_ff4a5.dir/CMakeCXXCompilerABI.cpp.o]
  ignore line: [/usr/bin/clang++   -DVERSION_INFO=\"0.0.1\"    -v -MD -MT CMakeFiles/cmTC_ff4a5.dir/CMakeCXXCompilerABI.cpp.o -MF CMakeFiles/cmTC_ff4a5.dir/CMakeCXXCompilerABI.cpp.o.d -o CMakeFiles/cmTC_ff4a5.dir/CMakeCXXCompilerABI.cpp.o -c /usr/share/cmake-3.22/Modules/CMakeCXXCompilerABI.cpp]
  ignore line: [Ubuntu clang version 14.0.0-1ubuntu1.1]
  ignore line: [Target: x86_64-pc-linux-gnu]
  ignore line: [Thread model: posix]
  ignore line: [InstalledDir: /usr/bin]
  ignore line: [Found candidate GCC installation: /usr/bin/../lib/gcc/x86_64-linux-gnu/11]
  ignore line: [Found candidate GCC installation: /usr/bin/../lib/gcc/x86_64-linux-gnu/12]
  ignore line: [Selected GCC installation: /usr/bin/../lib/gcc/x86_64-linux-gnu/12]
  ignore line: [Candidate multilib: .]
  ignore line: [@m64]
  ignore line: [Selected multilib: .]
  ignore line: [@m64]
  ignore line: [ (in-process)]
  ignore line: [ "/usr/lib/llvm-14/bin/clang" -cc1 -triple x86_64-pc-linux-gnu -emit-obj -mrelax-all --mrelax-relocations -disable-free -clear-ast-before-backend -disable-llvm-verifier -discard-value-names -main-file-name CMakeCXXCompilerABI.cpp -mrelocation-model pic -pic-level 2 -pic-is-pie -mframe-pointer=all -fmath-errno -ffp-contract=on -fno-rounding-math -mconstructor-aliases -funwind-tables=2 -target-cpu x86-64 -tune-cpu generic -mllvm -treat-scalable-fixed-error-as-warning -debugger-tuning=gdb -v -fcoverage-compilation-dir=/home/ayman/thesis/AgarLE/build/temp.linux-x86_64-cpython-311/CMakeFiles/CMakeTmp -resource-dir /usr/lib/llvm-14/lib/clang/14.0.0 -dependency-file CMakeFiles/cmTC_ff4a5.dir/CMakeCXXCompilerABI.cpp.o.d -MT CMakeFiles/cmTC_ff4a5.dir/CMakeCXXCompilerABI.cpp.o -sys-header-deps -D "VERSION_INFO=\"0.0.1\"" -internal-isystem /usr/bin/../lib/gcc/x86_64-linux-gnu/12/../../../../include/c++/12 -internal-isystem /usr/bin/../lib/gcc/x86_64-linux-gnu/12/../../../../include/x86_64-linux-gnu/c++/12 -internal-isystem /usr/bin/../lib/gcc/x86_64-linux-gnu/12/../../../../include/c++/12/backward -internal-isystem /usr/lib/llvm-14/lib/clang/14.0.0/include -internal-isystem /usr/local/include -internal-isystem /usr/bin/../lib/gcc/x86_64-linux-gnu/12/../../../../x86_64-linux-gnu/include -internal-externc-isystem /usr/include/x86_64-linux-gnu -internal-externc-isystem /include -internal-externc-isystem /usr/include -fdeprecated-macro -fdebug-compilation-dir=/home/ayman/thesis/AgarLE/build/temp.linux-x86_64-cpython-311/CMakeFiles/CMakeTmp -ferror-limit 19 -fgnuc-version=4.2.1 -fcxx-exceptions -fexceptions -faddrsig -D__GCC_HAVE_DWARF2_CFI_ASM=1 -o CMakeFiles/cmTC_ff4a5.dir/CMakeCXXCompilerABI.cpp.o -x c++ /usr/share/cmake-3.22/Modules/CMakeCXXCompilerABI.cpp]
  ignore line: [clang -cc1 version 14.0.0 based upon LLVM 14.0.0 default target x86_64-pc-linux-gnu]
  ignore line: [ignoring nonexistent directory "/usr/bin/../lib/gcc/x86_64-linux-gnu/12/../../../../x86_64-linux-gnu/include"]
  ignore line: [ignoring nonexistent directory "/include"]
  ignore line: [#include "..." search starts here:]
  ignore line: [#include <...> search starts here:]
  ignore line: [ /usr/bin/../lib/gcc/x86_64-linux-gnu/12/../../../../include/c++/12]
  ignore line: [ /usr/bin/../lib/gcc/x86_64-linux-gnu/12/../../../../include/x86_64-linux-gnu/c++/12]
  ignore line: [ /usr/bin/../lib/gcc/x86_64-linux-gnu/12/../../../../include/c++/12/backward]
  ignore line: [ /usr/lib/llvm-14/lib/clang/14.0.0/include]
  ignore line: [ /usr/local/include]
  ignore line: [ /usr/include/x86_64-linux-gnu]
  ignore line: [ /usr/include]
  ignore line: [End of search list.]
  ignore line: [Linking CXX executable cmTC_ff4a5]
  ignore line: [/usr/bin/cmake -E cmake_link_script CMakeFiles/cmTC_ff4a5.dir/link.txt --verbose=1]
  ignore line: [/usr/bin/clang++ -DVERSION_INFO=\"0.0.1\"   -v CMakeFiles/cmTC_ff4a5.dir/CMakeCXXCompilerABI.cpp.o -o cmTC_ff4a5 ]
  ignore line: [Ubuntu clang version 14.0.0-1ubuntu1.1]
  ignore line: [Target: x86_64-pc-linux-gnu]
  ignore line: [Thread model: posix]
  ignore line: [InstalledDir: /usr/bin]
  ignore line: [Found candidate GCC installation: /usr/bin/../lib/gcc/x86_64-linux-gnu/11]
  ignore line: [Found candidate GCC installation: /usr/bin/../lib/gcc/x86_64-linux-gnu/12]
  ignore line: [Selected GCC installation: /usr/bin/../lib/gcc/x86_64-linux-gnu/12]
  ignore line: [Candidate multilib: .]
  ignore line: [@m64]
  ignore line: [Selected multilib: .]
  ignore line: [@m64]
  link line: [ "/usr/bin/ld" -pie -z relro --hash-style=gnu --build-id --eh-frame-hdr -m elf_x86_64 -dynamic-linker /lib64/ld-linux-x86-64.so.2 -o cmTC_ff4a5 /lib/x86_64-linux-gnu/Scrt1.o /lib/x86_64-linux-gnu/crti.o /usr/bin/../lib/gcc/x86_64-linux-gnu/12/crtbeginS.o -L/usr/bin/../lib/gcc/x86_64-linux-gnu/12 -L/usr/bin/../lib/gcc/x86_64-linux-gnu/12/../../../../lib64 -L/lib/x86_64-linux-gnu -L/lib/../lib64 -L/usr/lib/x86_64-linux-gnu -L/usr/lib/../lib64 -L/usr/lib/llvm-14/bin/../lib -L/lib -L/usr/lib CMakeFiles/cmTC_ff4a5.dir/CMakeCXXCompilerABI.cpp.o -lstdc++ -lm -lgcc_s -lgcc -lc -lgcc_s -lgcc /usr/bin/../lib/gcc/x86_64-linux-gnu/12/crtendS.o /lib/x86_64-linux-gnu/crtn.o]
    arg [/usr/bin/ld] ==> ignore
    arg [-pie] ==> ignore
    arg [-zrelro] ==> ignore
    arg [--hash-style=gnu] ==> ignore
    arg [--build-id] ==> ignore
    arg [--eh-frame-hdr] ==> ignore
    arg [-m] ==> ignore
    arg [elf_x86_64] ==> ignore
    arg [-dynamic-linker] ==> ignore
    arg [/lib64/ld-linux-x86-64.so.2] ==> ignore
    arg [-o] ==> ignore
    arg [cmTC_ff4a5] ==> ignore
    arg [/lib/x86_64-linux-gnu/Scrt1.o] ==> obj [/lib/x86_64-linux-gnu/Scrt1.o]
    arg [/lib/x86_64-linux-gnu/crti.o] ==> obj [/lib/x86_64-linux-gnu/crti.o]
    arg [/usr/bin/../lib/gcc/x86_64-linux-gnu/12/crtbeginS.o] ==> obj [/usr/bin/../lib/gcc/x86_64-linux-gnu/12/crtbeginS.o]
    arg [-L/usr/bin/../lib/gcc/x86_64-linux-gnu/12] ==> dir [/usr/bin/../lib/gcc/x86_64-linux-gnu/12]
    arg [-L/usr/bin/../lib/gcc/x86_64-linux-gnu/12/../../../../lib64] ==> dir [/usr/bin/../lib/gcc/x86_64-linux-gnu/12/../../../../lib64]
    arg [-L/lib/x86_64-linux-gnu] ==> dir [/lib/x86_64-linux-gnu]
    arg [-L/lib/../lib64] ==> dir [/lib/../lib64]
    arg [-L/usr/lib/x86_64-linux-gnu] ==> dir [/usr/lib/x86_64-linux-gnu]
    arg [-L/usr/lib/../lib64] ==> dir [/usr/lib/../lib64]
    arg [-L/usr/lib/llvm-14/bin/../lib] ==> dir [/usr/lib/llvm-14/bin/../lib]
    arg [-L/lib] ==> dir [/lib]
    arg [-L/usr/lib] ==> dir [/usr/lib]
    arg [CMakeFiles/cmTC_ff4a5.dir/CMakeCXXCompilerABI.cpp.o] ==> ignore
    arg [-lstdc++] ==> lib [stdc++]
    arg [-lm] ==> lib [m]
    arg [-lgcc_s] ==> lib [gcc_s]
    arg [-lgcc] ==> lib [gcc]
    arg [-lc] ==> lib [c]
    arg [-lgcc_s] ==> lib [gcc_s]
    arg [-lgcc] ==> lib [gcc]
    arg [/usr/bin/../lib/gcc/x86_64-linux-gnu/12/crtendS.o] ==> obj [/usr/bin/../lib/gcc/x86_64-linux-gnu/12/crtendS.o]
    arg [/lib/x86_64-linux-gnu/crtn.o] ==> obj [/lib/x86_64-linux-gnu/crtn.o]
  collapse obj [/usr/bin/../lib/gcc/x86_64-linux-gnu/12/crtbeginS.o] ==> [/usr/lib/gcc/x86_64-linux-gnu/12/crtbeginS.o]
  collapse obj [/usr/bin/../lib/gcc/x86_64-linux-gnu/12/crtendS.o] ==> [/usr/lib/gcc/x86_64-linux-gnu/12/crtendS.o]
  collapse library dir [/usr/bin/../lib/gcc/x86_64-linux-gnu/12] ==> [/usr/lib/gcc/x86_64-linux-gnu/12]
  collapse library dir [/usr/bin/../lib/gcc/x86_64-linux-gnu/12/../../../../lib64] ==> [/usr/lib64]
  collapse library dir [/lib/x86_64-linux-gnu] ==> [/lib/x86_64-linux-gnu]
  collapse library dir [/lib/../lib64] ==> [/lib64]
  collapse library dir [/usr/lib/x86_64-linux-gnu] ==> [/usr/lib/x86_64-linux-gnu]
  collapse library dir [/usr/lib/../lib64] ==> [/usr/lib64]
  collapse library dir [/usr/lib/llvm-14/bin/../lib] ==> [/usr/lib/llvm-14/lib]
  collapse library dir [/lib] ==> [/lib]
  collapse library dir [/usr/lib] ==> [/usr/lib]
  implicit libs: [stdc++;m;gcc_s;gcc;c;gcc_s;gcc]
  implicit objs: [/lib/x86_64-linux-gnu/Scrt1.o;/lib/x86_64-linux-gnu/crti.o;/usr/lib/gcc/x86_64-linux-gnu/12/crtbeginS.o;/usr/lib/gcc/x86_64-linux-gnu/12/crtendS.o;/lib/x86_64-linux-gnu/crtn.o]
  implicit dirs: [/usr/lib/gcc/x86_64-linux-gnu/12;/usr/lib64;/lib/x86_64-linux-gnu;/lib64;/usr/lib/x86_64-linux-gnu;/usr/lib/llvm-14/lib;/lib;/usr/lib]
  implicit fwks: []


Determining if the function shm_open exists in the rt passed with the following output:
Change Dir: /home/ayman/thesis/AgarLE/build/temp.linux-x86_64-cpython-311/CMakeFiles/CMakeTmp

Run Build Command(s):/usr/bin/gmake -f Makefile cmTC_63cb1/fast && /usr/bin/gmake  -f CMakeFiles/cmTC_63cb1.dir/build.make CMakeFiles/cmTC_63cb1.dir/build
gmake[1]: Entering directory '/home/ayman/thesis/AgarLE/build/temp.linux-x86_64-cpython-311/CMakeFiles/CMakeTmp'
Building CXX object CMakeFiles/cmTC_63cb1.dir/CheckFunctionExists.cxx.o
/usr/bin/clang++   -DVERSION_INFO=\"0.0.1\" -DCHECK_FUNCTION_EXISTS=shm_open -std=gnu++17 -MD -MT CMakeFiles/cmTC_63cb1.dir/CheckFunctionExists.cxx.o -MF CMakeFiles/cmTC_63cb1.dir/CheckFunctionExists.cxx.o.d -o CMakeFiles/cmTC_63cb1.dir/CheckFunctionExists.cxx.o -c /home/ayman/thesis/AgarLE/build/temp.linux-x86_64-cpython-311/CMakeFiles/CheckLibraryExists/CheckFunctionExists.cxx
Linking CXX executable cmTC_63cb1
/usr/bin/cmake -E cmake_link_script CMakeFiles/cmTC_63cb1.dir/link.txt --verbose=1
/usr/bin/clang++ -DVERSION_INFO=\"0.0.1\" -DCHECK_FUNCTION_EXISTS=shm_open CMakeFiles/cmTC_63cb1.dir/CheckFunctionExists.cxx.o -o cmTC_63cb1  -lrt 
gmake[1]: Leaving directory '/home/ayman/thesis/AgarLE/build/temp.linux-x86_64-cpython-311/CMakeFiles/CMakeTmp'



Performing C++ SOURCE FILE Test HAVE_CXX_FLAG_WALL succeeded with the following output:
Change Dir: /home/ayman/thesis/AgarLE/build/temp.linux-x86_64-cpython-311/CMakeFiles/CMakeTmp

Run Build Command(s):/usr/bin/gmake -f Makefile cmTC_6fc2d/fast && /usr/bin/gmake  -f CMakeFiles/cmTC_6fc2d.dir/build.make CMakeFiles/cmTC_6fc2d.dir/build
gmake[1]: Entering directory '/home/ayman/thesis/AgarLE/build/temp.linux-x86_64-cpython-311/CMakeFiles/CMakeTmp'
Building CXX object CMakeFiles/cmTC_6fc2d.dir/src.cxx.o
/usr/bin/clang++ -DHAVE_CXX_FLAG_WALL  -DVERSION_INFO=\"0.0.1\"  -Wall   -Wall -std=c++14 -MD -MT CMakeFiles/cmTC_6fc2d.dir/src.cxx.o -MF CMakeFiles/cmTC_6fc2d.dir/src.cxx.o.d -o CMakeFiles/cmTC_6fc2d.dir/src.cxx.o -c /home/ayman/thesis/AgarLE/build/temp.linux-x86_64-cpython-311/CMakeFiles/CMakeTmp/src.cxx
Linking CXX executable cmTC_6fc2d
/usr/bin/cmake -E cmake_link_script CMakeFiles/cmTC_6fc2d.dir/link.txt --verbose=1
/usr/bin/clang++ -DVERSION_INFO=\"0.0.1\"  -Wall CMakeFiles/cmTC_6fc2d.dir/src.cxx.o -o cmTC_6fc2d 
gmake[1]: Leaving directory '/home/ayman/thesis/AgarLE/build/temp.linux-x86_64-cpython-311/CMakeFiles/CMakeTmp'


Source file was:
int main() { return 0; }
Performing C++ SOURCE FILE Test HAVE_CXX_FLAG_WEXTRA succeeded with the following output:
Change Dir: /home/ayman/thesis/AgarLE/build/temp.linux-x86_64-cpython-311/CMakeFiles/CMakeTmp

Run Build Command(s):/usr/bin/gmake -f Makefile cmTC_b17b9/fast && /usr/bin/gmake  -f CMakeFiles/cmTC_b17b9.dir/build.make CMakeFiles/cmTC_b17b9.dir/build
gmake[1]: Entering directory '/home/ayman/thesis/AgarLE/build/temp.linux-x86_64-cpython-311/CMakeFiles/CMakeTmp'
Building CXX object CMakeFiles/cmTC_b17b9.dir/src.cxx.o
/usr/bin/clang++ -DHAVE_CXX_FLAG_WEXTRA  -DVERSION_INFO=\"0.0.1\"  -Wall  -Wextra   -Wextra -std=c++14 -MD -MT CMakeFiles/cmTC_b17b9.dir/src.cxx.o -MF CMakeFiles/cmTC_b17b9.dir/src.cxx.o.d -o CMakeFiles/cmTC_b17b9.dir/src.cxx.o -c /home/ayman/thesis/AgarLE/build/temp.linux-x86_64-cpython-311/CMakeFiles/CMakeTmp/src.cxx
Linking CXX executable cmTC_b17b9
/usr/bin/cmake -E cmake_link_script CMakeFiles/cmTC_b17b9.dir/link.txt --verbose=1
/usr/bin/clang++ -DVERSION_INFO=\"0.0.1\"  -Wall  -Wextra CMakeFiles/cmTC_b17b9.dir/src.cxx.o -o cmTC_b17b9 
gmake[1]: Leaving directory '/home/ayman/thesis/AgarLE/build/temp.linux-x86_64-cpython-311/CMakeFiles/CMakeTmp'


Source file was:
int main() { return 0; }
Performing C++ SOURCE FILE Test HAVE_CXX_FLAG_WSHADOW succeeded with the following output:
Change Dir: /home/ayman/thesis/AgarLE/build/temp.linux-x86_64-cpython-311/CMakeFiles/CMakeTmp

Run Build Command(s):/usr/bin/gmake -f Makefile cmTC_db90e/fast && /usr/bin/gmake  -f CMakeFiles/cmTC_db90e.dir/build.make CMakeFiles/cmTC_db90e.dir/build
gmake[1]: Entering directory '/home/ayman/thesis/AgarLE/build/temp.linux-x86_64-cpython-311/CMakeFiles/CMakeTmp'
Building CXX object CMakeFiles/cmTC_db90e.dir/src.cxx.o
/usr/bin/clang++ -DHAVE_CXX_FLAG_WSHADOW  -DVERSION_INFO=\"0.0.1\"  -Wall  -Wextra  -Wshadow   -Wshadow -std=c++14 -MD -MT CMakeFiles/cmTC_db90e.dir/src.cxx.o -MF CMakeFiles/cmTC_db90e.dir/src.cxx.o.d -o CMakeFiles/cmTC_db90e.dir/src.cxx.o -c /home/ayman/thesis/AgarLE/build/temp.linux-x86_64-cpython-311/CMakeFiles/CMakeTmp/src.cxx
Linking CXX executable cmTC_db90e
/usr/bin/cmake -E cmake_link_script CMakeFiles/cmTC_db90e.dir/link.txt --verbose=1
/usr/bin/clang++ -DVERSION_INFO=\"0.0.1\"  -Wall  -Wextra  -Wshadow CMakeFiles/cmTC_db90e.dir/src.cxx.o -o cmTC_db90e 
gmake[1]: Leaving directory '/home/ayman/thesis/AgarLE/build/temp.linux-x86_64-cpython-311/CMakeFiles/CMakeTmp'


Source file was:
int main() { return 0; }
Performing C++ SOURCE FILE Test HAVE_CXX_FLAG_WFLOAT_EQUAL succeeded with the following output:
Change Dir: /home/ayman/thesis/AgarLE/build/temp.linux-x86_64-cpython-311/CMakeFiles/CMakeTmp

Run Build Command(s):/usr/bin/gmake -f Makefile cmTC_a68cc/fast && /usr/bin/gmake  -f CMakeFiles/cmTC_a68cc.dir/build.make CMakeFiles/cmTC_a68cc.dir/build
gmake[1]: Entering directory '/home/ayman/thesis/AgarLE/build/temp.linux-x86_64-cpython-311/CMakeFiles/CMakeTmp'
Building CXX object CMakeFiles/cmTC_a68cc.dir/src.cxx.o
/usr/bin/clang++ -DHAVE_CXX_FLAG_WFLOAT_EQUAL  -DVERSION_INFO=\"0.0.1\"  -Wall  -Wextra  -Wshadow  -Wfloat-equal   -Wfloat-equal -std=c++14 -MD -MT CMakeFiles/cmTC_a68cc.dir/src.cxx.o -MF CMakeFiles/cmTC_a68cc.dir/src.cxx.o.d -o CMakeFiles/cmTC_a68cc.dir/src.cxx.o -c /home/ayman/thesis/AgarLE/build/temp.linux-x86_64-cpython-311/CMakeFiles/CMakeTmp/src.cxx
Linking CXX executable cmTC_a68cc
/usr/bin/cmake -E cmake_link_script CMakeFiles/cmTC_a68cc.dir/link.txt --verbose=1
/usr/bin/clang++ -DVERSION_INFO=\"0.0.1\"  -Wall  -Wextra  -Wshadow  -Wfloat-equal CMakeFiles/cmTC_a68cc.dir/src.cxx.o -o cmTC_a68cc 
gmake[1]: Leaving directory '/home/ayman/thesis/AgarLE/build/temp.linux-x86_64-cpython-311/CMakeFiles/CMakeTmp'


Source file was:
int main() { return 0; }
Performing C++ SOURCE FILE Test HAVE_CXX_FLAG_WOLD_STYLE_CAST succeeded with the following output:
Change Dir: /home/ayman/thesis/AgarLE/build/temp.linux-x86_64-cpython-311/CMakeFiles/CMakeTmp

Run Build Command(s):/usr/bin/gmake -f Makefile cmTC_a4c48/fast && /usr/bin/gmake  -f CMakeFiles/cmTC_a4c48.dir/build.make CMakeFiles/cmTC_a4c48.dir/build
gmake[1]: Entering directory '/home/ayman/thesis/AgarLE/build/temp.linux-x86_64-cpython-311/CMakeFiles/CMakeTmp'
Building CXX object CMakeFiles/cmTC_a4c48.dir/src.cxx.o
/usr/bin/clang++ -DHAVE_CXX_FLAG_WOLD_STYLE_CAST  -DVERSION_INFO=\"0.0.1\"  -Wall  -Wextra  -Wshadow  -Wfloat-equal  -Wold-style-cast   -Wold-style-cast -std=c++14 -MD -MT CMakeFiles/cmTC_a4c48.dir/src.cxx.o -MF CMakeFiles/cmTC_a4c48.dir/src.cxx.o.d -o CMakeFiles/cmTC_a4c48.dir/src.cxx.o -c /home/ayman/thesis/AgarLE/build/temp.linux-x86_64-cpython-311/CMakeFiles/CMakeTmp/src.cxx
Linking CXX executable cmTC_a4c48
/usr/bin/cmake -E cmake_link_script CMakeFiles/cmTC_a4c48.dir/link.txt --verbose=1
/usr/bin/clang++ -DVERSION_INFO=\"0.0.1\"  -Wall  -Wextra  -Wshadow  -Wfloat-equal  -Wold-style-cast CMakeFiles/cmTC_a4c48.dir/src.cxx.o -o cmTC_a4c48 
gmake[1]: Leaving directory '/home/ayman/thesis/AgarLE/build/temp.linux-x86_64-cpython-311/CMakeFiles/CMakeTmp'


Source file was:
int main() { return 0; }
Performing C++ SOURCE FILE Test HAVE_CXX_FLAG_WCONVERSION succeeded with the following output:
Change Dir: /home/ayman/thesis/AgarLE/build/temp.linux-x86_64-cpython-311/CMakeFiles/CMakeTmp

Run Build Command(s):/usr/bin/gmake -f Makefile cmTC_261ba/fast && /usr/bin/gmake  -f CMakeFiles/cmTC_261ba.dir/build.make CMakeFiles/cmTC_261ba.dir/build
gmake[1]: Entering directory '/home/ayman/thesis/AgarLE/build/temp.linux-x86_64-cpython-311/CMakeFiles/CMakeTmp'
Building CXX object CMakeFiles/cmTC_261ba.dir/src.cxx.o
/usr/bin/clang++ -DHAVE_CXX_FLAG_WCONVERSION  -DVERSION_INFO=\"0.0.1\"  -Wall  -Wextra  -Wshadow  -Wfloat-equal  -Wold-style-cast  -Wconversion   -Wconversion -std=c++14 -MD -MT CMakeFiles/cmTC_261ba.dir/src.cxx.o -MF CMakeFiles/cmTC_261ba.dir/src.cxx.o.d -o CMakeFiles/cmTC_261ba.dir/src.cxx.o -c /home/ayman/thesis/AgarLE/build/temp.linux-x86_64-cpython-311/CMakeFiles/CMakeTmp/src.cxx
Linking CXX executable cmTC_261ba
/usr/bin/cmake -E cmake_link_script CMakeFiles/cmTC_261ba.dir/link.txt --verbose=1
/usr/bin/clang++ -DVERSION_INFO=\"0.0.1\"  -Wall  -Wextra  -Wshadow  -Wfloat-equal  -Wold-style-cast  -Wconversion CMakeFiles/cmTC_261ba.dir/src.cxx.o -o cmTC_261ba 
gmake[1]: Leaving directory '/home/ayman/thesis/AgarLE/build/temp.linux-x86_64-cpython-311/CMakeFiles/CMakeTmp'


Source file was:
int main() { return 0; }
Performing C++ SOURCE FILE Test HAVE_CXX_FLAG_WERROR succeeded with the following output:
Change Dir: /home/ayman/thesis/AgarLE/build/temp.linux-x86_64-cpython-311/CMakeFiles/CMakeTmp

Run Build Command(s):/usr/bin/gmake -f Makefile cmTC_79855/fast && /usr/bin/gmake  -f CMakeFiles/cmTC_79855.dir/build.make CMakeFiles/cmTC_79855.dir/build
gmake[1]: Entering directory '/home/ayman/thesis/AgarLE/build/temp.linux-x86_64-cpython-311/CMakeFiles/CMakeTmp'
Building CXX object CMakeFiles/cmTC_79855.dir/src.cxx.o
/usr/bin/clang++ -DHAVE_CXX_FLAG_WERROR  -DVERSION_INFO=\"0.0.1\"  -Wall  -Wextra  -Wshadow  -Wfloat-equal  -Wold-style-cast  -Wconversion  -Werror   -Werror -std=c++14 -MD -MT CMakeFiles/cmTC_79855.dir/src.cxx.o -MF CMakeFiles/cmTC_79855.dir/src.cxx.o.d -o CMakeFiles/cmTC_79855.dir/src.cxx.o -c /home/ayman/thesis/AgarLE/build/temp.linux-x86_64-cpython-311/CMakeFiles/CMakeTmp/src.cxx
Linking CXX executable cmTC_79855
/usr/bin/cmake -E cmake_link_script CMakeFiles/cmTC_79855.dir/link.txt --verbose=1
/usr/bin/clang++ -DVERSION_INFO=\"0.0.1\"  -Wall  -Wextra  -Wshadow  -Wfloat-equal  -Wold-style-cast  -Wconversion  -Werror CMakeFiles/cmTC_79855.dir/src.cxx.o -o cmTC_79855 
gmake[1]: Leaving directory '/home/ayman/thesis/AgarLE/build/temp.linux-x86_64-cpython-311/CMakeFiles/CMakeTmp'


Source file was:
int main() { return 0; }
Performing C++ SOURCE FILE Test HAVE_CXX_FLAG_PEDANTIC succeeded with the following output:
Change Dir: /home/ayman/thesis/AgarLE/build/temp.linux-x86_64-cpython-311/CMakeFiles/CMakeTmp

Run Build Command(s):/usr/bin/gmake -f Makefile cmTC_d7dfe/fast && /usr/bin/gmake  -f CMakeFiles/cmTC_d7dfe.dir/build.make CMakeFiles/cmTC_d7dfe.dir/build
gmake[1]: Entering directory '/home/ayman/thesis/AgarLE/build/temp.linux-x86_64-cpython-311/CMakeFiles/CMakeTmp'
Building CXX object CMakeFiles/cmTC_d7dfe.dir/src.cxx.o
/usr/bin/clang++ -DHAVE_CXX_FLAG_PEDANTIC  -DVERSION_INFO=\"0.0.1\"  -Wall  -Wextra  -Wshadow  -Wfloat-equal  -Wold-style-cast  -Wconversion  -Werror  -pedantic   -pedantic -std=c++14 -MD -MT CMakeFiles/cmTC_d7dfe.dir/src.cxx.o -MF CMakeFiles/cmTC_d7dfe.dir/src.cxx.o.d -o CMakeFiles/cmTC_d7dfe.dir/src.cxx.o -c /home/ayman/thesis/AgarLE/build/temp.linux-x86_64-cpython-311/CMakeFiles/CMakeTmp/src.cxx
Linking CXX executable cmTC_d7dfe
/usr/bin/cmake -E cmake_link_script CMakeFiles/cmTC_d7dfe.dir/link.txt --verbose=1
/usr/bin/clang++ -DVERSION_INFO=\"0.0.1\"  -Wall  -Wextra  -Wshadow  -Wfloat-equal  -Wold-style-cast  -Wconversion  -Werror  -pedantic CMakeFiles/cmTC_d7dfe.dir/src.cxx.o -o cmTC_d7dfe 
gmake[1]: Leaving directory '/home/ayman/thesis/AgarLE/build/temp.linux-x86_64-cpython-311/CMakeFiles/CMakeTmp'


Source file was:
int main() { return 0; }
Performing C++ SOURCE FILE Test HAVE_CXX_FLAG_PEDANTIC_ERRORS succeeded with the following output:
Change Dir: /home/ayman/thesis/AgarLE/build/temp.linux-x86_64-cpython-311/CMakeFiles/CMakeTmp

Run Build Command(s):/usr/bin/gmake -f Makefile cmTC_3559a/fast && /usr/bin/gmake  -f CMakeFiles/cmTC_3559a.dir/build.make CMakeFiles/cmTC_3559a.dir/build
gmake[1]: Entering directory '/home/ayman/thesis/AgarLE/build/temp.linux-x86_64-cpython-311/CMakeFiles/CMakeTmp'
Building CXX object CMakeFiles/cmTC_3559a.dir/src.cxx.o
/usr/bin/clang++ -DHAVE_CXX_FLAG_PEDANTIC_ERRORS  -DVERSION_INFO=\"0.0.1\"  -Wall  -Wextra  -Wshadow  -Wfloat-equal  -Wold-style-cast  -Wconversion  -Werror  -pedantic  -pedantic-errors   -pedantic-errors -std=c++14 -MD -MT CMakeFiles/cmTC_3559a.dir/src.cxx.o -MF CMakeFiles/cmTC_3559a.dir/src.cxx.o.d -o CMakeFiles/cmTC_3559a.dir/src.cxx.o -c /home/ayman/thesis/AgarLE/build/temp.linux-x86_64-cpython-311/CMakeFiles/CMakeTmp/src.cxx
Linking CXX executable cmTC_3559a
/usr/bin/cmake -E cmake_link_script CMakeFiles/cmTC_3559a.dir/link.txt --verbose=1
/usr/bin/clang++ -DVERSION_INFO=\"0.0.1\"  -Wall  -Wextra  -Wshadow  -Wfloat-equal  -Wold-style-cast  -Wconversion  -Werror  -pedantic  -pedantic-errors CMakeFiles/cmTC_3559a.dir/src.cxx.o -o cmTC_3559a 
gmake[1]: Leaving directory '/home/ayman/thesis/AgarLE/build/temp.linux-x86_64-cpython-311/CMakeFiles/CMakeTmp'


Source file was:
int main() { return 0; }
Performing C++ SOURCE FILE Test HAVE_CXX_FLAG_WSHORTEN_64_TO_32 succeeded with the following output:
Change Dir: /home/ayman/thesis/AgarLE/build/temp.linux-x86_64-cpython-311/CMakeFiles/CMakeTmp

Run Build Command(s):/usr/bin/gmake -f Makefile cmTC_c86ec/fast && /usr/bin/gmake  -f CMakeFiles/cmTC_c86ec.dir/build.make CMakeFiles/cmTC_c86ec.dir/build
gmake[1]: Entering directory '/home/ayman/thesis/AgarLE/build/temp.linux-x86_64-cpython-311/CMakeFiles/CMakeTmp'
Building CXX object CMakeFiles/cmTC_c86ec.dir/src.cxx.o
/usr/bin/clang++ -DHAVE_CXX_FLAG_WSHORTEN_64_TO_32  -DVERSION_INFO=\"0.0.1\"  -Wall  -Wextra  -Wshadow  -Wfloat-equal  -Wold-style-cast  -Wconversion  -Werror  -pedantic  -pedantic-errors  -Wshorten-64-to-32   -Wshorten-64-to-32 -std=c++14 -MD -MT CMakeFiles/cmTC_c86ec.dir/src.cxx.o -MF CMakeFiles/cmTC_c86ec.dir/src.cxx.o.d -o CMakeFiles/cmTC_c86ec.dir/src.cxx.o -c /home/ayman/thesis/AgarLE/build/temp.linux-x86_64-cpython-311/CMakeFiles/CMakeTmp/src.cxx
Linking CXX executable cmTC_c86ec
/usr/bin/cmake -E cmake_link_script CMakeFiles/cmTC_c86ec.dir/link.txt --verbose=1
/usr/bin/clang++ -DVERSION_INFO=\"0.0.1\"  -Wall  -Wextra  -Wshadow  -Wfloat-equal  -Wold-style-cast  -Wconversion  -Werror  -pedantic  -pedantic-errors  -Wshorten-64-to-32 CMakeFiles/cmTC_c86ec.dir/src.cxx.o -o cmTC_c86ec 
gmake[1]: Leaving directory '/home/ayman/thesis/AgarLE/build/temp.linux-x86_64-cpython-311/CMakeFiles/CMakeTmp'


Source file was:
int main() { return 0; }
Performing C++ SOURCE FILE Test HAVE_CXX_FLAG_FSTRICT_ALIASING succeeded with the following output:
Change Dir: /home/ayman/thesis/AgarLE/build/temp.linux-x86_64-cpython-311/CMakeFiles/CMakeTmp

Run Build Command(s):/usr/bin/gmake -f Makefile cmTC_bb8c3/fast && /usr/bin/gmake  -f CMakeFiles/cmTC_bb8c3.dir/build.make CMakeFiles/cmTC_bb8c3.dir/build
gmake[1]: Entering directory '/home/ayman/thesis/AgarLE/build/temp.linux-x86_64-cpython-311/CMakeFiles/CMakeTmp'
Building CXX object CMakeFiles/cmTC_bb8c3.dir/src.cxx.o
/usr/bin/clang++ -DHAVE_CXX_FLAG_FSTRICT_ALIASING  -DVERSION_INFO=\"0.0.1\"  -Wall  -Wextra  -Wshadow  -Wfloat-equal  -Wold-style-cast  -Wconversion  -Werror  -pedantic  -pedantic-errors  -Wshorten-64-to-32  -fstrict-aliasing   -fstrict-aliasing -std=c++14 -MD -MT CMakeFiles/cmTC_bb8c3.dir/src.cxx.o -MF CMakeFiles/cmTC_bb8c3.dir/src.cxx.o.d -o CMakeFiles/cmTC_bb8c3.dir/src.cxx.o -c /home/ayman/thesis/AgarLE/build/temp.linux-x86_64-cpython-311/CMakeFiles/CMakeTmp/src.cxx
Linking CXX executable cmTC_bb8c3
/usr/bin/cmake -E cmake_link_script CMakeFiles/cmTC_bb8c3.dir/link.txt --verbose=1
/usr/bin/clang++ -DVERSION_INFO=\"0.0.1\"  -Wall  -Wextra  -Wshadow  -Wfloat-equal  -Wold-style-cast  -Wconversion  -Werror  -pedantic  -pedantic-errors  -Wshorten-64-to-32  -fstrict-aliasing CMakeFiles/cmTC_bb8c3.dir/src.cxx.o -o cmTC_bb8c3 
gmake[1]: Leaving directory '/home/ayman/thesis/AgarLE/build/temp.linux-x86_64-cpython-311/CMakeFiles/CMakeTmp'


Source file was:
int main() { return 0; }
Performing C++ SOURCE FILE Test HAVE_CXX_FLAG_WNO_DEPRECATED_DECLARATIONS succeeded with the following output:
Change Dir: /home/ayman/thesis/AgarLE/build/temp.linux-x86_64-cpython-311/CMakeFiles/CMakeTmp

Run Build Command(s):/usr/bin/gmake -f Makefile cmTC_b5a2f/fast && /usr/bin/gmake  -f CMakeFiles/cmTC_b5a2f.dir/build.make CMakeFiles/cmTC_b5a2f.dir/build
gmake[1]: Entering directory '/home/ayman/thesis/AgarLE/build/temp.linux-x86_64-cpython-311/CMakeFiles/CMakeTmp'
Building CXX object CMakeFiles/cmTC_b5a2f.dir/src.cxx.o
/usr/bin/clang++ -DHAVE_CXX_FLAG_WNO_DEPRECATED_DECLARATIONS  -DVERSION_INFO=\"0.0.1\"  -Wall  -Wextra  -Wshadow  -Wfloat-equal  -Wold-style-cast  -Wconversion  -Werror  -pedantic  -pedantic-errors  -Wshorten-64-to-32  -fstrict-aliasing  -Wno-deprecated-declarations   -Wno-deprecated-declarations -std=c++14 -MD -MT CMakeFiles/cmTC_b5a2f.dir/src.cxx.o -MF CMakeFiles/cmTC_b5a2f.dir/src.cxx.o.d -o CMakeFiles/cmTC_b5a2f.dir/src.cxx.o -c /home/ayman/thesis/AgarLE/build/temp.linux-x86_64-cpython-311/CMakeFiles/CMakeTmp/src.cxx
Linking CXX executable cmTC_b5a2f
/usr/bin/cmake -E cmake_link_script CMakeFiles/cmTC_b5a2f.dir/link.txt --verbose=1
/usr/bin/clang++ -DVERSION_INFO=\"0.0.1\"  -Wall  -Wextra  -Wshadow  -Wfloat-equal  -Wold-style-cast  -Wconversion  -Werror  -pedantic  -pedantic-errors  -Wshorten-64-to-32  -fstrict-aliasing  -Wno-deprecated-declarations CMakeFiles/cmTC_b5a2f.dir/src.cxx.o -o cmTC_b5a2f 
gmake[1]: Leaving directory '/home/ayman/thesis/AgarLE/build/temp.linux-x86_64-cpython-311/CMakeFiles/CMakeTmp'


Source file was:
int main() { return 0; }
Performing C++ SOURCE FILE Test HAVE_CXX_FLAG_WNO_DEPRECATED succeeded with the following output:
Change Dir: /home/ayman/thesis/AgarLE/build/temp.linux-x86_64-cpython-311/CMakeFiles/CMakeTmp

Run Build Command(s):/usr/bin/gmake -f Makefile cmTC_b7c77/fast && /usr/bin/gmake  -f CMakeFiles/cmTC_b7c77.dir/build.make CMakeFiles/cmTC_b7c77.dir/build
gmake[1]: Entering directory '/home/ayman/thesis/AgarLE/build/temp.linux-x86_64-cpython-311/CMakeFiles/CMakeTmp'
Building CXX object CMakeFiles/cmTC_b7c77.dir/src.cxx.o
/usr/bin/clang++ -DHAVE_CXX_FLAG_WNO_DEPRECATED  -DVERSION_INFO=\"0.0.1\"  -Wall  -Wextra  -Wshadow  -Wfloat-equal  -Wold-style-cast  -Wconversion  -Werror  -pedantic  -pedantic-errors  -Wshorten-64-to-32  -fstrict-aliasing  -Wno-deprecated-declarations  -Wno-deprecated   -Wno-deprecated -std=c++14 -MD -MT CMakeFiles/cmTC_b7c77.dir/src.cxx.o -MF CMakeFiles/cmTC_b7c77.dir/src.cxx.o.d -o CMakeFiles/cmTC_b7c77.dir/src.cxx.o -c /home/ayman/thesis/AgarLE/build/temp.linux-x86_64-cpython-311/CMakeFiles/CMakeTmp/src.cxx
Linking CXX executable cmTC_b7c77
/usr/bin/cmake -E cmake_link_script CMakeFiles/cmTC_b7c77.dir/link.txt --verbose=1
/usr/bin/clang++ -DVERSION_INFO=\"0.0.1\"  -Wall  -Wextra  -Wshadow  -Wfloat-equal  -Wold-style-cast  -Wconversion  -Werror  -pedantic  -pedantic-errors  -Wshorten-64-to-32  -fstrict-aliasing  -Wno-deprecated-declarations  -Wno-deprecated CMakeFiles/cmTC_b7c77.dir/src.cxx.o -o cmTC_b7c77 
gmake[1]: Leaving directory '/home/ayman/thesis/AgarLE/build/temp.linux-x86_64-cpython-311/CMakeFiles/CMakeTmp'


Source file was:
int main() { return 0; }
Performing C++ SOURCE FILE Test HAVE_CXX_FLAG_WSTRICT_ALIASING succeeded with the following output:
Change Dir: /home/ayman/thesis/AgarLE/build/temp.linux-x86_64-cpython-311/CMakeFiles/CMakeTmp

Run Build Command(s):/usr/bin/gmake -f Makefile cmTC_f54d2/fast && /usr/bin/gmake  -f CMakeFiles/cmTC_f54d2.dir/build.make CMakeFiles/cmTC_f54d2.dir/build
gmake[1]: Entering directory '/home/ayman/thesis/AgarLE/build/temp.linux-x86_64-cpython-311/CMakeFiles/CMakeTmp'
Building CXX object CMakeFiles/cmTC_f54d2.dir/src.cxx.o
/usr/bin/clang++ -DHAVE_CXX_FLAG_WSTRICT_ALIASING  -DVERSION_INFO=\"0.0.1\"  -Wall  -Wextra  -Wshadow  -Wfloat-equal  -Wold-style-cast  -Wconversion  -Werror  -pedantic  -pedantic-errors  -Wshorten-64-to-32  -fstrict-aliasing  -Wno-deprecated-declarations  -Wno-deprecated  -Wstrict-aliasing   -Wstrict-aliasing -std=c++14 -MD -MT CMakeFiles/cmTC_f54d2.dir/src.cxx.o -MF CMakeFiles/cmTC_f54d2.dir/src.cxx.o.d -o CMakeFiles/cmTC_f54d2.dir/src.cxx.o -c /home/ayman/thesis/AgarLE/build/temp.linux-x86_64-cpython-311/CMakeFiles/CMakeTmp/src.cxx
Linking CXX executable cmTC_f54d2
/usr/bin/cmake -E cmake_link_script CMakeFiles/cmTC_f54d2.dir/link.txt --verbose=1
/usr/bin/clang++ -DVERSION_INFO=\"0.0.1\"  -Wall  -Wextra  -Wshadow  -Wfloat-equal  -Wold-style-cast  -Wconversion  -Werror  -pedantic  -pedantic-errors  -Wshorten-64-to-32  -fstrict-aliasing  -Wno-deprecated-declarations  -Wno-deprecated  -Wstrict-aliasing CMakeFiles/cmTC_f54d2.dir/src.cxx.o -o cmTC_f54d2 
gmake[1]: Leaving directory '/home/ayman/thesis/AgarLE/build/temp.linux-x86_64-cpython-311/CMakeFiles/CMakeTmp'


Source file was:
int main() { return 0; }
Performing C++ SOURCE FILE Test HAVE_CXX_FLAG_WTHREAD_SAFETY succeeded with the following output:
Change Dir: /home/ayman/thesis/AgarLE/build/temp.linux-x86_64-cpython-311/CMakeFiles/CMakeTmp

Run Build Command(s):/usr/bin/gmake -f Makefile cmTC_2c6cf/fast && /usr/bin/gmake  -f CMakeFiles/cmTC_2c6cf.dir/build.make CMakeFiles/cmTC_2c6cf.dir/build
gmake[1]: Entering directory '/home/ayman/thesis/AgarLE/build/temp.linux-x86_64-cpython-311/CMakeFiles/CMakeTmp'
Building CXX object CMakeFiles/cmTC_2c6cf.dir/src.cxx.o
/usr/bin/clang++ -DHAVE_CXX_FLAG_WTHREAD_SAFETY  -DVERSION_INFO=\"0.0.1\"  -Wall  -Wextra  -Wshadow  -Wfloat-equal  -Wold-style-cast  -Wconversion  -Werror  -pedantic  -pedantic-errors  -Wshorten-64-to-32  -fstrict-aliasing  -Wno-deprecated-declarations  -Wno-deprecated  -Wstrict-aliasing  -Wthread-safety   -Wthread-safety -std=c++14 -MD -MT CMakeFiles/cmTC_2c6cf.dir/src.cxx.o -MF CMakeFiles/cmTC_2c6cf.dir/src.cxx.o.d -o CMakeFiles/cmTC_2c6cf.dir/src.cxx.o -c /home/ayman/thesis/AgarLE/build/temp.linux-x86_64-cpython-311/CMakeFiles/CMakeTmp/src.cxx
Linking CXX executable cmTC_2c6cf
/usr/bin/cmake -E cmake_link_script CMakeFiles/cmTC_2c6cf.dir/link.txt --verbose=1
/usr/bin/clang++ -DVERSION_INFO=\"0.0.1\"  -Wall  -Wextra  -Wshadow  -Wfloat-equal  -Wold-style-cast  -Wconversion  -Werror  -pedantic  -pedantic-errors  -Wshorten-64-to-32  -fstrict-aliasing  -Wno-deprecated-declarations  -Wno-deprecated  -Wstrict-aliasing  -Wthread-safety CMakeFiles/cmTC_2c6cf.dir/src.cxx.o -o cmTC_2c6cf 
gmake[1]: Leaving directory '/home/ayman/thesis/AgarLE/build/temp.linux-x86_64-cpython-311/CMakeFiles/CMakeTmp'


Source file was:
int main() { return 0; }
Performing C++ SOURCE FILE Test HAVE_CXX_FLAG_COVERAGE succeeded with the following output:
Change Dir: /home/ayman/thesis/AgarLE/build/temp.linux-x86_64-cpython-311/CMakeFiles/CMakeTmp

Run Build Command(s):/usr/bin/gmake -f Makefile cmTC_562d4/fast && /usr/bin/gmake  -f CMakeFiles/cmTC_562d4.dir/build.make CMakeFiles/cmTC_562d4.dir/build
gmake[1]: Entering directory '/home/ayman/thesis/AgarLE/build/temp.linux-x86_64-cpython-311/CMakeFiles/CMakeTmp'
Building CXX object CMakeFiles/cmTC_562d4.dir/src.cxx.o
/usr/bin/clang++ -DHAVE_CXX_FLAG_COVERAGE  -DVERSION_INFO=\"0.0.1\"  -Wall  -Wextra  -Wshadow  -Wfloat-equal  -Wold-style-cast  -Wconversion  -Werror  -pedantic  -pedantic-errors  -Wshorten-64-to-32  -fstrict-aliasing  -Wno-deprecated-declarations  -Wno-deprecated  -Wstrict-aliasing  -Wthread-safety  --coverage   --coverage -std=c++14 -MD -MT CMakeFiles/cmTC_562d4.dir/src.cxx.o -MF CMakeFiles/cmTC_562d4.dir/src.cxx.o.d -o CMakeFiles/cmTC_562d4.dir/src.cxx.o -c /home/ayman/thesis/AgarLE/build/temp.linux-x86_64-cpython-311/CMakeFiles/CMakeTmp/src.cxx
Linking CXX executable cmTC_562d4
/usr/bin/cmake -E cmake_link_script CMakeFiles/cmTC_562d4.dir/link.txt --verbose=1
/usr/bin/clang++ -DVERSION_INFO=\"0.0.1\"  -Wall  -Wextra  -Wshadow  -Wfloat-equal  -Wold-style-cast  -Wconversion  -Werror  -pedantic  -pedantic-errors  -Wshorten-64-to-32  -fstrict-aliasing  -Wno-deprecated-declarations  -Wno-deprecated  -Wstrict-aliasing  -Wthread-safety  --coverage CMakeFiles/cmTC_562d4.dir/src.cxx.o -o cmTC_562d4 
gmake[1]: Leaving directory '/home/ayman/thesis/AgarLE/build/temp.linux-x86_64-cpython-311/CMakeFiles/CMakeTmp'


Source file was:
int main() { return 0; }
Determining if the include file pthread.h exists passed with the following output:
Change Dir: /home/ayman/thesis/AgarLE/build/temp.linux-x86_64-cpython-311/CMakeFiles/CMakeTmp

Run Build Command(s):/usr/bin/gmake -f Makefile cmTC_b2ff0/fast && /usr/bin/gmake  -f CMakeFiles/cmTC_b2ff0.dir/build.make CMakeFiles/cmTC_b2ff0.dir/build
gmake[1]: Entering directory '/home/ayman/thesis/AgarLE/build/temp.linux-x86_64-cpython-311/CMakeFiles/CMakeTmp'
Building CXX object CMakeFiles/cmTC_b2ff0.dir/CheckIncludeFile.cxx.o
/usr/bin/clang++   -DVERSION_INFO=\"0.0.1\"  -Wall  -Wextra  -Wshadow  -Wfloat-equal  -Wold-style-cast  -Wconversion  -Werror  -pedantic  -pedantic-errors  -Wshorten-64-to-32  -fstrict-aliasing  -Wno-deprecated-declarations  -Wno-deprecated  -Wstrict-aliasing  -Wthread-safety  -std=c++14 -MD -MT CMakeFiles/cmTC_b2ff0.dir/CheckIncludeFile.cxx.o -MF CMakeFiles/cmTC_b2ff0.dir/CheckIncludeFile.cxx.o.d -o CMakeFiles/cmTC_b2ff0.dir/CheckIncludeFile.cxx.o -c /home/ayman/thesis/AgarLE/build/temp.linux-x86_64-cpython-311/CMakeFiles/CMakeTmp/CheckIncludeFile.cxx
Linking CXX executable cmTC_b2ff0
/usr/bin/cmake -E cmake_link_script CMakeFiles/cmTC_b2ff0.dir/link.txt --verbose=1
/usr/bin/clang++ -DVERSION_INFO=\"0.0.1\"  -Wall  -Wextra  -Wshadow  -Wfloat-equal  -Wold-style-cast  -Wconversion  -Werror  -pedantic  -pedantic-errors  -Wshorten-64-to-32  -fstrict-aliasing  -Wno-deprecated-declarations  -Wno-deprecated  -Wstrict-aliasing  -Wthread-safety  CMakeFiles/cmTC_b2ff0.dir/CheckIncludeFile.cxx.o -o cmTC_b2ff0 
gmake[1]: Leaving directory '/home/ayman/thesis/AgarLE/build/temp.linux-x86_64-cpython-311/CMakeFiles/CMakeTmp'



Performing C++ SOURCE FILE Test CMAKE_HAVE_LIBC_PTHREAD succeeded with the following output:
Change Dir: /home/ayman/thesis/AgarLE/build/temp.linux-x86_64-cpython-311/CMakeFiles/CMakeTmp

Run Build Command(s):/usr/bin/gmake -f Makefile cmTC_6c13c/fast && /usr/bin/gmake  -f CMakeFiles/cmTC_6c13c.dir/build.make CMakeFiles/cmTC_6c13c.dir/build
gmake[1]: Entering directory '/home/ayman/thesis/AgarLE/build/temp.linux-x86_64-cpython-311/CMakeFiles/CMakeTmp'
Building CXX object CMakeFiles/cmTC_6c13c.dir/src.cxx.o
/usr/bin/clang++ -DCMAKE_HAVE_LIBC_PTHREAD  -DVERSION_INFO=\"0.0.1\"  -Wall  -Wextra  -Wshadow  -Wfloat-equal  -Wold-style-cast  -Wconversion  -Werror  -pedantic  -pedantic-errors  -Wshorten-64-to-32  -fstrict-aliasing  -Wno-deprecated-declarations  -Wno-deprecated  -Wstrict-aliasing  -Wthread-safety  -std=c++14 -MD -MT CMakeFiles/cmTC_6c13c.dir/src.cxx.o -MF CMakeFiles/cmTC_6c13c.dir/src.cxx.o.d -o CMakeFiles/cmTC_6c13c.dir/src.cxx.o -c /home/ayman/thesis/AgarLE/build/temp.linux-x86_64-cpython-311/CMakeFiles/CMakeTmp/src.cxx
Linking CXX executable cmTC_6c13c
/usr/bin/cmake -E cmake_link_script CMakeFiles/cmTC_6c13c.dir/link.txt --verbose=1
/usr/bin/clang++ -DVERSION_INFO=\"0.0.1\"  -Wall  -Wextra  -Wshadow  -Wfloat-equal  -Wold-style-cast  -Wconversion  -Werror  -pedantic  -pedantic-errors  -Wshorten-64-to-32  -fstrict-aliasing  -Wno-deprecated-declarations  -Wno-deprecated  -Wstrict-aliasing  -Wthread-safety  CMakeFiles/cmTC_6c13c.dir/src.cxx.o -o cmTC_6c13c 
gmake[1]: Leaving directory '/home/ayman/thesis/AgarLE/build/temp.linux-x86_64-cpython-311/CMakeFiles/CMakeTmp'


Source file was:
#include <pthread.h>

static void* test_func(void* data)
{
  return data;
}

int main(void)
{
  pthread_t thread;
  pthread_create(&thread, NULL, test_func, NULL);
  pthread_detach(thread);
  pthread_cancel(thread);
  pthread_join(thread, NULL);
  pthread_atfork(NULL, NULL, NULL);
  pthread_exit(NULL);

  return 0;
}

Compiling the C compiler identification source file "CMakeCCompilerId.c" succeeded.
Compiler: /usr/bin/cc 
Build flags: 
Id flags:  

The output was:
0


Compilation of the C compiler identification source "CMakeCCompilerId.c" produced "a.out"

The C compiler identification is GNU, found in "/home/ayman/thesis/AgarLE/build/temp.linux-x86_64-cpython-311/CMakeFiles/3.22.1/CompilerIdC/a.out"

Detecting C compiler ABI info compiled with the following output:
Change Dir: /home/ayman/thesis/AgarLE/build/temp.linux-x86_64-cpython-311/CMakeFiles/CMakeTmp

Run Build Command(s):/usr/bin/gmake -f Makefile cmTC_201a7/fast && /usr/bin/gmake  -f CMakeFiles/cmTC_201a7.dir/build.make CMakeFiles/cmTC_201a7.dir/build
gmake[1]: Entering directory '/home/ayman/thesis/AgarLE/build/temp.linux-x86_64-cpython-311/CMakeFiles/CMakeTmp'
Building C object CMakeFiles/cmTC_201a7.dir/CMakeCCompilerABI.c.o
/usr/bin/cc   -v -o CMakeFiles/cmTC_201a7.dir/CMakeCCompilerABI.c.o -c /usr/share/cmake-3.22/Modules/CMakeCCompilerABI.c
Using built-in specs.
COLLECT_GCC=/usr/bin/cc
OFFLOAD_TARGET_NAMES=nvptx-none:amdgcn-amdhsa
OFFLOAD_TARGET_DEFAULT=1
Target: x86_64-linux-gnu
Configured with: ../src/configure -v --with-pkgversion='Ubuntu 11.4.0-1ubuntu1~22.04' --with-bugurl=file:///usr/share/doc/gcc-11/README.Bugs --enable-languages=c,ada,c++,go,brig,d,fortran,objc,obj-c++,m2 --prefix=/usr --with-gcc-major-version-only --program-suffix=-11 --program-prefix=x86_64-linux-gnu- --enable-shared --enable-linker-build-id --libexecdir=/usr/lib --without-included-gettext --enable-threads=posix --libdir=/usr/lib --enable-nls --enable-bootstrap --enable-clocale=gnu --enable-libstdcxx-debug --enable-libstdcxx-time=yes --with-default-libstdcxx-abi=new --enable-gnu-unique-object --disable-vtable-verify --enable-plugin --enable-default-pie --with-system-zlib --enable-libphobos-checking=release --with-target-system-zlib=auto --enable-objc-gc=auto --enable-multiarch --disable-werror --enable-cet --with-arch-32=i686 --with-abi=m64 --with-multilib-list=m32,m64,mx32 --enable-multilib --with-tune=generic --enable-offload-targets=nvptx-none=/build/gcc-11-XeT9lY/gcc-11-11.4.0/debian/tmp-nvptx/usr,amdgcn-amdhsa=/build/gcc-11-XeT9lY/gcc-11-11.4.0/debian/tmp-gcn/usr --without-cuda-driver --enable-checking=release --build=x86_64-linux-gnu --host=x86_64-linux-gnu --target=x86_64-linux-gnu --with-build-config=bootstrap-lto-lean --enable-link-serialization=2
Thread model: posix
Supported LTO compression algorithms: zlib zstd
gcc version 11.4.0 (Ubuntu 11.4.0-1ubuntu1~22.04) 
COLLECT_GCC_OPTIONS='-v' '-o' 'CMakeFiles/cmTC_201a7.dir/CMakeCCompilerABI.c.o' '-c' '-mtune=generic' '-march=x86-64' '-dumpdir' 'CMakeFiles/cmTC_201a7.dir/'
 /usr/lib/gcc/x86_64-linux-gnu/11/cc1 -quiet -v -imultiarch x86_64-linux-gnu /usr/share/cmake-3.22/Modules/CMakeCCompilerABI.c -quiet -dumpdir CMakeFiles/cmTC_201a7.dir/ -dumpbase CMakeCCompilerABI.c.c -dumpbase-ext .c -mtune=generic -march=x86-64 -version -fasynchronous-unwind-tables -fstack-protector-strong -Wformat -Wformat-security -fstack-clash-protection -fcf-protection -o /tmp/ccmDC060.s
GNU C17 (Ubuntu 11.4.0-1ubuntu1~22.04) version 11.4.0 (x86_64-linux-gnu)
	compiled by GNU C version 11.4.0, GMP version 6.2.1, MPFR version 4.1.0, MPC version 1.2.1, isl version isl-0.24-GMP

GGC heuristics: --param ggc-min-expand=100 --param ggc-min-heapsize=131072
ignoring nonexistent directory "/usr/local/include/x86_64-linux-gnu"
ignoring nonexistent directory "/usr/lib/gcc/x86_64-linux-gnu/11/include-fixed"
ignoring nonexistent directory "/usr/lib/gcc/x86_64-linux-gnu/11/../../../../x86_64-linux-gnu/include"
#include "..." search starts here:
#include <...> search starts here:
 /usr/lib/gcc/x86_64-linux-gnu/11/include
 /usr/local/include
 /usr/include/x86_64-linux-gnu
 /usr/include
End of search list.
GNU C17 (Ubuntu 11.4.0-1ubuntu1~22.04) version 11.4.0 (x86_64-linux-gnu)
	compiled by GNU C version 11.4.0, GMP version 6.2.1, MPFR version 4.1.0, MPC version 1.2.1, isl version isl-0.24-GMP

GGC heuristics: --param ggc-min-expand=100 --param ggc-min-heapsize=131072
Compiler executable checksum: 50eaa2331df977b8016186198deb2d18
COLLECT_GCC_OPTIONS='-v' '-o' 'CMakeFiles/cmTC_201a7.dir/CMakeCCompilerABI.c.o' '-c' '-mtune=generic' '-march=x86-64' '-dumpdir' 'CMakeFiles/cmTC_201a7.dir/'
 as -v --64 -o CMakeFiles/cmTC_201a7.dir/CMakeCCompilerABI.c.o /tmp/ccmDC060.s
GNU assembler version 2.38 (x86_64-linux-gnu) using BFD version (GNU Binutils for Ubuntu) 2.38
COMPILER_PATH=/usr/lib/gcc/x86_64-linux-gnu/11/:/usr/lib/gcc/x86_64-linux-gnu/11/:/usr/lib/gcc/x86_64-linux-gnu/:/usr/lib/gcc/x86_64-linux-gnu/11/:/usr/lib/gcc/x86_64-linux-gnu/
LIBRARY_PATH=/usr/lib/gcc/x86_64-linux-gnu/11/:/usr/lib/gcc/x86_64-linux-gnu/11/../../../x86_64-linux-gnu/:/usr/lib/gcc/x86_64-linux-gnu/11/../../../../lib/:/lib/x86_64-linux-gnu/:/lib/../lib/:/usr/lib/x86_64-linux-gnu/:/usr/lib/../lib/:/usr/lib/gcc/x86_64-linux-gnu/11/../../../:/lib/:/usr/lib/
COLLECT_GCC_OPTIONS='-v' '-o' 'CMakeFiles/cmTC_201a7.dir/CMakeCCompilerABI.c.o' '-c' '-mtune=generic' '-march=x86-64' '-dumpdir' 'CMakeFiles/cmTC_201a7.dir/CMakeCCompilerABI.c.'
Linking C executable cmTC_201a7
/usr/bin/cmake -E cmake_link_script CMakeFiles/cmTC_201a7.dir/link.txt --verbose=1
/usr/bin/cc  -v -rdynamic CMakeFiles/cmTC_201a7.dir/CMakeCCompilerABI.c.o -o cmTC_201a7 
Using built-in specs.
COLLECT_GCC=/usr/bin/cc
COLLECT_LTO_WRAPPER=/usr/lib/gcc/x86_64-linux-gnu/11/lto-wrapper
OFFLOAD_TARGET_NAMES=nvptx-none:amdgcn-amdhsa
OFFLOAD_TARGET_DEFAULT=1
Target: x86_64-linux-gnu
Configured with: ../src/configure -v --with-pkgversion='Ubuntu 11.4.0-1ubuntu1~22.04' --with-bugurl=file:///usr/share/doc/gcc-11/README.Bugs --enable-languages=c,ada,c++,go,brig,d,fortran,objc,obj-c++,m2 --prefix=/usr --with-gcc-major-version-only --program-suffix=-11 --program-prefix=x86_64-linux-gnu- --enable-shared --enable-linker-build-id --libexecdir=/usr/lib --without-included-gettext --enable-threads=posix --libdir=/usr/lib --enable-nls --enable-bootstrap --enable-clocale=gnu --enable-libstdcxx-debug --enable-libstdcxx-time=yes --with-default-libstdcxx-abi=new --enable-gnu-unique-object --disable-vtable-verify --enable-plugin --enable-default-pie --with-system-zlib --enable-libphobos-checking=release --with-target-system-zlib=auto --enable-objc-gc=auto --enable-multiarch --disable-werror --enable-cet --with-arch-32=i686 --with-abi=m64 --with-multilib-list=m32,m64,mx32 --enable-multilib --with-tune=generic --enable-offload-targets=nvptx-none=/build/gcc-11-XeT9lY/gcc-11-11.4.0/debian/tmp-nvptx/usr,amdgcn-amdhsa=/build/gcc-11-XeT9lY/gcc-11-11.4.0/debian/tmp-gcn/usr --without-cuda-driver --enable-checking=release --build=x86_64-linux-gnu --host=x86_64-linux-gnu --target=x86_64-linux-gnu --with-build-config=bootstrap-lto-lean --enable-link-serialization=2
Thread model: posix
Supported LTO compression algorithms: zlib zstd
gcc version 11.4.0 (Ubuntu 11.4.0-1ubuntu1~22.04) 
COMPILER_PATH=/usr/lib/gcc/x86_64-linux-gnu/11/:/usr/lib/gcc/x86_64-linux-gnu/11/:/usr/lib/gcc/x86_64-linux-gnu/:/usr/lib/gcc/x86_64-linux-gnu/11/:/usr/lib/gcc/x86_64-linux-gnu/
LIBRARY_PATH=/usr/lib/gcc/x86_64-linux-gnu/11/:/usr/lib/gcc/x86_64-linux-gnu/11/../../../x86_64-linux-gnu/:/usr/lib/gcc/x86_64-linux-gnu/11/../../../../lib/:/lib/x86_64-linux-gnu/:/lib/../lib/:/usr/lib/x86_64-linux-gnu/:/usr/lib/../lib/:/usr/lib/gcc/x86_64-linux-gnu/11/../../../:/lib/:/usr/lib/
COLLECT_GCC_OPTIONS='-v' '-rdynamic' '-o' 'cmTC_201a7' '-mtune=generic' '-march=x86-64' '-dumpdir' 'cmTC_201a7.'
 /usr/lib/gcc/x86_64-linux-gnu/11/collect2 -plugin /usr/lib/gcc/x86_64-linux-gnu/11/liblto_plugin.so -plugin-opt=/usr/lib/gcc/x86_64-linux-gnu/11/lto-wrapper -plugin-opt=-fresolution=/tmp/ccJwY7IP.res -plugin-opt=-pass-through=-lgcc -plugin-opt=-pass-through=-lgcc_s -plugin-opt=-pass-through=-lc -plugin-opt=-pass-through=-lgcc -plugin-opt=-pass-through=-lgcc_s --build-id --eh-frame-hdr -m elf_x86_64 --hash-style=gnu --as-needed -export-dynamic -dynamic-linker /lib64/ld-linux-x86-64.so.2 -pie -z now -z relro -o cmTC_201a7 /usr/lib/gcc/x86_64-linux-gnu/11/../../../x86_64-linux-gnu/Scrt1.o /usr/lib/gcc/x86_64-linux-gnu/11/../../../x86_64-linux-gnu/crti.o /usr/lib/gcc/x86_64-linux-gnu/11/crtbeginS.o -L/usr/lib/gcc/x86_64-linux-gnu/11 -L/usr/lib/gcc/x86_64-linux-gnu/11/../../../x86_64-linux-gnu -L/usr/lib/gcc/x86_64-linux-gnu/11/../../../../lib -L/lib/x86_64-linux-gnu -L/lib/../lib -L/usr/lib/x86_64-linux-gnu -L/usr/lib/../lib -L/usr/lib/gcc/x86_64-linux-gnu/11/../../.. CMakeFiles/cmTC_201a7.dir/CMakeCCompilerABI.c.o -lgcc --push-state --as-needed -lgcc_s --pop-state -lc -lgcc --push-state --as-needed -lgcc_s --pop-state /usr/lib/gcc/x86_64-linux-gnu/11/crtendS.o /usr/lib/gcc/x86_64-linux-gnu/11/../../../x86_64-linux-gnu/crtn.o
COLLECT_GCC_OPTIONS='-v' '-rdynamic' '-o' 'cmTC_201a7' '-mtune=generic' '-march=x86-64' '-dumpdir' 'cmTC_201a7.'
gmake[1]: Leaving directory '/home/ayman/thesis/AgarLE/build/temp.linux-x86_64-cpython-311/CMakeFiles/CMakeTmp'



Parsed C implicit include dir info from above output: rv=done
  found start of include info
  found start of implicit include info
    add: [/usr/lib/gcc/x86_64-linux-gnu/11/include]
    add: [/usr/local/include]
    add: [/usr/include/x86_64-linux-gnu]
    add: [/usr/include]
  end of search list found
  collapse include dir [/usr/lib/gcc/x86_64-linux-gnu/11/include] ==> [/usr/lib/gcc/x86_64-linux-gnu/11/include]
  collapse include dir [/usr/local/include] ==> [/usr/local/include]
  collapse include dir [/usr/include/x86_64-linux-gnu] ==> [/usr/include/x86_64-linux-gnu]
  collapse include dir [/usr/include] ==> [/usr/include]
  implicit include dirs: [/usr/lib/gcc/x86_64-linux-gnu/11/include;/usr/local/include;/usr/include/x86_64-linux-gnu;/usr/include]


Parsed C implicit link information from above output:
  link line regex: [^( *|.*[/\])(ld|CMAKE_LINK_STARTFILE-NOTFOUND|([^/\]+-)?ld|collect2)[^/\]*( |$)]
  ignore line: [Change Dir: /home/ayman/thesis/AgarLE/build/temp.linux-x86_64-cpython-311/CMakeFiles/CMakeTmp]
  ignore line: []
  ignore line: [Run Build Command(s):/usr/bin/gmake -f Makefile cmTC_201a7/fast && /usr/bin/gmake  -f CMakeFiles/cmTC_201a7.dir/build.make CMakeFiles/cmTC_201a7.dir/build]
  ignore line: [gmake[1]: Entering directory '/home/ayman/thesis/AgarLE/build/temp.linux-x86_64-cpython-311/CMakeFiles/CMakeTmp']
  ignore line: [Building C object CMakeFiles/cmTC_201a7.dir/CMakeCCompilerABI.c.o]
  ignore line: [/usr/bin/cc   -v -o CMakeFiles/cmTC_201a7.dir/CMakeCCompilerABI.c.o -c /usr/share/cmake-3.22/Modules/CMakeCCompilerABI.c]
  ignore line: [Using built-in specs.]
  ignore line: [COLLECT_GCC=/usr/bin/cc]
  ignore line: [OFFLOAD_TARGET_NAMES=nvptx-none:amdgcn-amdhsa]
  ignore line: [OFFLOAD_TARGET_DEFAULT=1]
  ignore line: [Target: x86_64-linux-gnu]
  ignore line: [Configured with: ../src/configure -v --with-pkgversion='Ubuntu 11.4.0-1ubuntu1~22.04' --with-bugurl=file:///usr/share/doc/gcc-11/README.Bugs --enable-languages=c ada c++ go brig d fortran objc obj-c++ m2 --prefix=/usr --with-gcc-major-version-only --program-suffix=-11 --program-prefix=x86_64-linux-gnu- --enable-shared --enable-linker-build-id --libexecdir=/usr/lib --without-included-gettext --enable-threads=posix --libdir=/usr/lib --enable-nls --enable-bootstrap --enable-clocale=gnu --enable-libstdcxx-debug --enable-libstdcxx-time=yes --with-default-libstdcxx-abi=new --enable-gnu-unique-object --disable-vtable-verify --enable-plugin --enable-default-pie --with-system-zlib --enable-libphobos-checking=release --with-target-system-zlib=auto --enable-objc-gc=auto --enable-multiarch --disable-werror --enable-cet --with-arch-32=i686 --with-abi=m64 --with-multilib-list=m32 m64 mx32 --enable-multilib --with-tune=generic --enable-offload-targets=nvptx-none=/build/gcc-11-XeT9lY/gcc-11-11.4.0/debian/tmp-nvptx/usr amdgcn-amdhsa=/build/gcc-11-XeT9lY/gcc-11-11.4.0/debian/tmp-gcn/usr --without-cuda-driver --enable-checking=release --build=x86_64-linux-gnu --host=x86_64-linux-gnu --target=x86_64-linux-gnu --with-build-config=bootstrap-lto-lean --enable-link-serialization=2]
  ignore line: [Thread model: posix]
  ignore line: [Supported LTO compression algorithms: zlib zstd]
  ignore line: [gcc version 11.4.0 (Ubuntu 11.4.0-1ubuntu1~22.04) ]
  ignore line: [COLLECT_GCC_OPTIONS='-v' '-o' 'CMakeFiles/cmTC_201a7.dir/CMakeCCompilerABI.c.o' '-c' '-mtune=generic' '-march=x86-64' '-dumpdir' 'CMakeFiles/cmTC_201a7.dir/']
  ignore line: [ /usr/lib/gcc/x86_64-linux-gnu/11/cc1 -quiet -v -imultiarch x86_64-linux-gnu /usr/share/cmake-3.22/Modules/CMakeCCompilerABI.c -quiet -dumpdir CMakeFiles/cmTC_201a7.dir/ -dumpbase CMakeCCompilerABI.c.c -dumpbase-ext .c -mtune=generic -march=x86-64 -version -fasynchronous-unwind-tables -fstack-protector-strong -Wformat -Wformat-security -fstack-clash-protection -fcf-protection -o /tmp/ccmDC060.s]
  ignore line: [GNU C17 (Ubuntu 11.4.0-1ubuntu1~22.04) version 11.4.0 (x86_64-linux-gnu)]
  ignore line: [	compiled by GNU C version 11.4.0  GMP version 6.2.1  MPFR version 4.1.0  MPC version 1.2.1  isl version isl-0.24-GMP]
  ignore line: []
  ignore line: [GGC heuristics: --param ggc-min-expand=100 --param ggc-min-heapsize=131072]
  ignore line: [ignoring nonexistent directory "/usr/local/include/x86_64-linux-gnu"]
  ignore line: [ignoring nonexistent directory "/usr/lib/gcc/x86_64-linux-gnu/11/include-fixed"]
  ignore line: [ignoring nonexistent directory "/usr/lib/gcc/x86_64-linux-gnu/11/../../../../x86_64-linux-gnu/include"]
  ignore line: [#include "..." search starts here:]
  ignore line: [#include <...> search starts here:]
  ignore line: [ /usr/lib/gcc/x86_64-linux-gnu/11/include]
  ignore line: [ /usr/local/include]
  ignore line: [ /usr/include/x86_64-linux-gnu]
  ignore line: [ /usr/include]
  ignore line: [End of search list.]
  ignore line: [GNU C17 (Ubuntu 11.4.0-1ubuntu1~22.04) version 11.4.0 (x86_64-linux-gnu)]
  ignore line: [	compiled by GNU C version 11.4.0  GMP version 6.2.1  MPFR version 4.1.0  MPC version 1.2.1  isl version isl-0.24-GMP]
  ignore line: []
  ignore line: [GGC heuristics: --param ggc-min-expand=100 --param ggc-min-heapsize=131072]
  ignore line: [Compiler executable checksum: 50eaa2331df977b8016186198deb2d18]
  ignore line: [COLLECT_GCC_OPTIONS='-v' '-o' 'CMakeFiles/cmTC_201a7.dir/CMakeCCompilerABI.c.o' '-c' '-mtune=generic' '-march=x86-64' '-dumpdir' 'CMakeFiles/cmTC_201a7.dir/']
  ignore line: [ as -v --64 -o CMakeFiles/cmTC_201a7.dir/CMakeCCompilerABI.c.o /tmp/ccmDC060.s]
  ignore line: [GNU assembler version 2.38 (x86_64-linux-gnu) using BFD version (GNU Binutils for Ubuntu) 2.38]
  ignore line: [COMPILER_PATH=/usr/lib/gcc/x86_64-linux-gnu/11/:/usr/lib/gcc/x86_64-linux-gnu/11/:/usr/lib/gcc/x86_64-linux-gnu/:/usr/lib/gcc/x86_64-linux-gnu/11/:/usr/lib/gcc/x86_64-linux-gnu/]
  ignore line: [LIBRARY_PATH=/usr/lib/gcc/x86_64-linux-gnu/11/:/usr/lib/gcc/x86_64-linux-gnu/11/../../../x86_64-linux-gnu/:/usr/lib/gcc/x86_64-linux-gnu/11/../../../../lib/:/lib/x86_64-linux-gnu/:/lib/../lib/:/usr/lib/x86_64-linux-gnu/:/usr/lib/../lib/:/usr/lib/gcc/x86_64-linux-gnu/11/../../../:/lib/:/usr/lib/]
  ignore line: [COLLECT_GCC_OPTIONS='-v' '-o' 'CMakeFiles/cmTC_201a7.dir/CMakeCCompilerABI.c.o' '-c' '-mtune=generic' '-march=x86-64' '-dumpdir' 'CMakeFiles/cmTC_201a7.dir/CMakeCCompilerABI.c.']
  ignore line: [Linking C executable cmTC_201a7]
  ignore line: [/usr/bin/cmake -E cmake_link_script CMakeFiles/cmTC_201a7.dir/link.txt --verbose=1]
  ignore line: [/usr/bin/cc  -v -rdynamic CMakeFiles/cmTC_201a7.dir/CMakeCCompilerABI.c.o -o cmTC_201a7 ]
  ignore line: [Using built-in specs.]
  ignore line: [COLLECT_GCC=/usr/bin/cc]
  ignore line: [COLLECT_LTO_WRAPPER=/usr/lib/gcc/x86_64-linux-gnu/11/lto-wrapper]
  ignore line: [OFFLOAD_TARGET_NAMES=nvptx-none:amdgcn-amdhsa]
  ignore line: [OFFLOAD_TARGET_DEFAULT=1]
  ignore line: [Target: x86_64-linux-gnu]
  ignore line: [Configured with: ../src/configure -v --with-pkgversion='Ubuntu 11.4.0-1ubuntu1~22.04' --with-bugurl=file:///usr/share/doc/gcc-11/README.Bugs --enable-languages=c ada c++ go brig d fortran objc obj-c++ m2 --prefix=/usr --with-gcc-major-version-only --program-suffix=-11 --program-prefix=x86_64-linux-gnu- --enable-shared --enable-linker-build-id --libexecdir=/usr/lib --without-included-gettext --enable-threads=posix --libdir=/usr/lib --enable-nls --enable-bootstrap --enable-clocale=gnu --enable-libstdcxx-debug --enable-libstdcxx-time=yes --with-default-libstdcxx-abi=new --enable-gnu-unique-object --disable-vtable-verify --enable-plugin --enable-default-pie --with-system-zlib --enable-libphobos-checking=release --with-target-system-zlib=auto --enable-objc-gc=auto --enable-multiarch --disable-werror --enable-cet --with-arch-32=i686 --with-abi=m64 --with-multilib-list=m32 m64 mx32 --enable-multilib --with-tune=generic --enable-offload-targets=nvptx-none=/build/gcc-11-XeT9lY/gcc-11-11.4.0/debian/tmp-nvptx/usr amdgcn-amdhsa=/build/gcc-11-XeT9lY/gcc-11-11.4.0/debian/tmp-gcn/usr --without-cuda-driver --enable-checking=release --build=x86_64-linux-gnu --host=x86_64-linux-gnu --target=x86_64-linux-gnu --with-build-config=bootstrap-lto-lean --enable-link-serialization=2]
  ignore line: [Thread model: posix]
  ignore line: [Supported LTO compression algorithms: zlib zstd]
  ignore line: [gcc version 11.4.0 (Ubuntu 11.4.0-1ubuntu1~22.04) ]
  ignore line: [COMPILER_PATH=/usr/lib/gcc/x86_64-linux-gnu/11/:/usr/lib/gcc/x86_64-linux-gnu/11/:/usr/lib/gcc/x86_64-linux-gnu/:/usr/lib/gcc/x86_64-linux-gnu/11/:/usr/lib/gcc/x86_64-linux-gnu/]
  ignore line: [LIBRARY_PATH=/usr/lib/gcc/x86_64-linux-gnu/11/:/usr/lib/gcc/x86_64-linux-gnu/11/../../../x86_64-linux-gnu/:/usr/lib/gcc/x86_64-linux-gnu/11/../../../../lib/:/lib/x86_64-linux-gnu/:/lib/../lib/:/usr/lib/x86_64-linux-gnu/:/usr/lib/../lib/:/usr/lib/gcc/x86_64-linux-gnu/11/../../../:/lib/:/usr/lib/]
  ignore line: [COLLECT_GCC_OPTIONS='-v' '-rdynamic' '-o' 'cmTC_201a7' '-mtune=generic' '-march=x86-64' '-dumpdir' 'cmTC_201a7.']
  link line: [ /usr/lib/gcc/x86_64-linux-gnu/11/collect2 -plugin /usr/lib/gcc/x86_64-linux-gnu/11/liblto_plugin.so -plugin-opt=/usr/lib/gcc/x86_64-linux-gnu/11/lto-wrapper -plugin-opt=-fresolution=/tmp/ccJwY7IP.res -plugin-opt=-pass-through=-lgcc -plugin-opt=-pass-through=-lgcc_s -plugin-opt=-pass-through=-lc -plugin-opt=-pass-through=-lgcc -plugin-opt=-pass-through=-lgcc_s --build-id --eh-frame-hdr -m elf_x86_64 --hash-style=gnu --as-needed -export-dynamic -dynamic-linker /lib64/ld-linux-x86-64.so.2 -pie -z now -z relro -o cmTC_201a7 /usr/lib/gcc/x86_64-linux-gnu/11/../../../x86_64-linux-gnu/Scrt1.o /usr/lib/gcc/x86_64-linux-gnu/11/../../../x86_64-linux-gnu/crti.o /usr/lib/gcc/x86_64-linux-gnu/11/crtbeginS.o -L/usr/lib/gcc/x86_64-linux-gnu/11 -L/usr/lib/gcc/x86_64-linux-gnu/11/../../../x86_64-linux-gnu -L/usr/lib/gcc/x86_64-linux-gnu/11/../../../../lib -L/lib/x86_64-linux-gnu -L/lib/../lib -L/usr/lib/x86_64-linux-gnu -L/usr/lib/../lib -L/usr/lib/gcc/x86_64-linux-gnu/11/../../.. CMakeFiles/cmTC_201a7.dir/CMakeCCompilerABI.c.o -lgcc --push-state --as-needed -lgcc_s --pop-state -lc -lgcc --push-state --as-needed -lgcc_s --pop-state /usr/lib/gcc/x86_64-linux-gnu/11/crtendS.o /usr/lib/gcc/x86_64-linux-gnu/11/../../../x86_64-linux-gnu/crtn.o]
    arg [/usr/lib/gcc/x86_64-linux-gnu/11/collect2] ==> ignore
    arg [-plugin] ==> ignore
    arg [/usr/lib/gcc/x86_64-linux-gnu/11/liblto_plugin.so] ==> ignore
    arg [-plugin-opt=/usr/lib/gcc/x86_64-linux-gnu/11/lto-wrapper] ==> ignore
    arg [-plugin-opt=-fresolution=/tmp/ccJwY7IP.res] ==> ignore
    arg [-plugin-opt=-pass-through=-lgcc] ==> ignore
    arg [-plugin-opt=-pass-through=-lgcc_s] ==> ignore
    arg [-plugin-opt=-pass-through=-lc] ==> ignore
    arg [-plugin-opt=-pass-through=-lgcc] ==> ignore
    arg [-plugin-opt=-pass-through=-lgcc_s] ==> ignore
    arg [--build-id] ==> ignore
    arg [--eh-frame-hdr] ==> ignore
    arg [-m] ==> ignore
    arg [elf_x86_64] ==> ignore
    arg [--hash-style=gnu] ==> ignore
    arg [--as-needed] ==> ignore
    arg [-export-dynamic] ==> ignore
    arg [-dynamic-linker] ==> ignore
    arg [/lib64/ld-linux-x86-64.so.2] ==> ignore
    arg [-pie] ==> ignore
    arg [-znow] ==> ignore
    arg [-zrelro] ==> ignore
    arg [-o] ==> ignore
    arg [cmTC_201a7] ==> ignore
    arg [/usr/lib/gcc/x86_64-linux-gnu/11/../../../x86_64-linux-gnu/Scrt1.o] ==> obj [/usr/lib/gcc/x86_64-linux-gnu/11/../../../x86_64-linux-gnu/Scrt1.o]
    arg [/usr/lib/gcc/x86_64-linux-gnu/11/../../../x86_64-linux-gnu/crti.o] ==> obj [/usr/lib/gcc/x86_64-linux-gnu/11/../../../x86_64-linux-gnu/crti.o]
    arg [/usr/lib/gcc/x86_64-linux-gnu/11/crtbeginS.o] ==> obj [/usr/lib/gcc/x86_64-linux-gnu/11/crtbeginS.o]
    arg [-L/usr/lib/gcc/x86_64-linux-gnu/11] ==> dir [/usr/lib/gcc/x86_64-linux-gnu/11]
    arg [-L/usr/lib/gcc/x86_64-linux-gnu/11/../../../x86_64-linux-gnu] ==> dir [/usr/lib/gcc/x86_64-linux-gnu/11/../../../x86_64-linux-gnu]
    arg [-L/usr/lib/gcc/x86_64-linux-gnu/11/../../../../lib] ==> dir [/usr/lib/gcc/x86_64-linux-gnu/11/../../../../lib]
    arg [-L/lib/x86_64-linux-gnu] ==> dir [/lib/x86_64-linux-gnu]
    arg [-L/lib/../lib] ==> dir [/lib/../lib]
    arg [-L/usr/lib/x86_64-linux-gnu] ==> dir [/usr/lib/x86_64-linux-gnu]
    arg [-L/usr/lib/../lib] ==> dir [/usr/lib/../lib]
    arg [-L/usr/lib/gcc/x86_64-linux-gnu/11/../../..] ==> dir [/usr/lib/gcc/x86_64-linux-gnu/11/../../..]
    arg [CMakeFiles/cmTC_201a7.dir/CMakeCCompilerABI.c.o] ==> ignore
    arg [-lgcc] ==> lib [gcc]
    arg [--push-state] ==> ignore
    arg [--as-needed] ==> ignore
    arg [-lgcc_s] ==> lib [gcc_s]
    arg [--pop-state] ==> ignore
    arg [-lc] ==> lib [c]
    arg [-lgcc] ==> lib [gcc]
    arg [--push-state] ==> ignore
    arg [--as-needed] ==> ignore
    arg [-lgcc_s] ==> lib [gcc_s]
    arg [--pop-state] ==> ignore
    arg [/usr/lib/gcc/x86_64-linux-gnu/11/crtendS.o] ==> obj [/usr/lib/gcc/x86_64-linux-gnu/11/crtendS.o]
    arg [/usr/lib/gcc/x86_64-linux-gnu/11/../../../x86_64-linux-gnu/crtn.o] ==> obj [/usr/lib/gcc/x86_64-linux-gnu/11/../../../x86_64-linux-gnu/crtn.o]
  collapse obj [/usr/lib/gcc/x86_64-linux-gnu/11/../../../x86_64-linux-gnu/Scrt1.o] ==> [/usr/lib/x86_64-linux-gnu/Scrt1.o]
  collapse obj [/usr/lib/gcc/x86_64-linux-gnu/11/../../../x86_64-linux-gnu/crti.o] ==> [/usr/lib/x86_64-linux-gnu/crti.o]
  collapse obj [/usr/lib/gcc/x86_64-linux-gnu/11/../../../x86_64-linux-gnu/crtn.o] ==> [/usr/lib/x86_64-linux-gnu/crtn.o]
  collapse library dir [/usr/lib/gcc/x86_64-linux-gnu/11] ==> [/usr/lib/gcc/x86_64-linux-gnu/11]
  collapse library dir [/usr/lib/gcc/x86_64-linux-gnu/11/../../../x86_64-linux-gnu] ==> [/usr/lib/x86_64-linux-gnu]
  collapse library dir [/usr/lib/gcc/x86_64-linux-gnu/11/../../../../lib] ==> [/usr/lib]
  collapse library dir [/lib/x86_64-linux-gnu] ==> [/lib/x86_64-linux-gnu]
  collapse library dir [/lib/../lib] ==> [/lib]
  collapse library dir [/usr/lib/x86_64-linux-gnu] ==> [/usr/lib/x86_64-linux-gnu]
  collapse library dir [/usr/lib/../lib] ==> [/usr/lib]
  collapse library dir [/usr/lib/gcc/x86_64-linux-gnu/11/../../..] ==> [/usr/lib]
  implicit libs: [gcc;gcc_s;c;gcc;gcc_s]
  implicit objs: [/usr/lib/x86_64-linux-gnu/Scrt1.o;/usr/lib/x86_64-linux-gnu/crti.o;/usr/lib/gcc/x86_64-linux-gnu/11/crtbeginS.o;/usr/lib/gcc/x86_64-linux-gnu/11/crtendS.o;/usr/lib/x86_64-linux-gnu/crtn.o]
  implicit dirs: [/usr/lib/gcc/x86_64-linux-gnu/11;/usr/lib/x86_64-linux-gnu;/usr/lib;/lib/x86_64-linux-gnu;/lib]
  implicit fwks: []


Performing C++ SOURCE FILE Test HAVE_CXX_FLAG_WNO_UNUSED_VARIABLE succeeded with the following output:
Change Dir: /home/ayman/thesis/AgarLE/build/temp.linux-x86_64-cpython-311/CMakeFiles/CMakeTmp

Run Build Command(s):/usr/bin/gmake -f Makefile cmTC_e9214/fast && /usr/bin/gmake  -f CMakeFiles/cmTC_e9214.dir/build.make CMakeFiles/cmTC_e9214.dir/build
gmake[1]: Entering directory '/home/ayman/thesis/AgarLE/build/temp.linux-x86_64-cpython-311/CMakeFiles/CMakeTmp'
Building CXX object CMakeFiles/cmTC_e9214.dir/src.cxx.o
/usr/bin/clang++ -DHAVE_CXX_FLAG_WNO_UNUSED_VARIABLE  -DVERSION_INFO=\"0.0.1\"  -Wall  -Wextra  -Wshadow  -Wfloat-equal  -Wold-style-cast  -Wconversion  -Werror  -pedantic  -pedantic-errors  -Wshorten-64-to-32  -fstrict-aliasing  -Wno-deprecated-declarations  -Wno-deprecated  -Wstrict-aliasing  -Wthread-safety  -Wno-unused-variable   -Wno-unused-variable -std=c++14 -MD -MT CMakeFiles/cmTC_e9214.dir/src.cxx.o -MF CMakeFiles/cmTC_e9214.dir/src.cxx.o.d -o CMakeFiles/cmTC_e9214.dir/src.cxx.o -c /home/ayman/thesis/AgarLE/build/temp.linux-x86_64-cpython-311/CMakeFiles/CMakeTmp/src.cxx
Linking CXX executable cmTC_e9214
/usr/bin/cmake -E cmake_link_script CMakeFiles/cmTC_e9214.dir/link.txt --verbose=1
/usr/bin/clang++ -DVERSION_INFO=\"0.0.1\"  -Wall  -Wextra  -Wshadow  -Wfloat-equal  -Wold-style-cast  -Wconversion  -Werror  -pedantic  -pedantic-errors  -Wshorten-64-to-32  -fstrict-aliasing  -Wno-deprecated-declarations  -Wno-deprecated  -Wstrict-aliasing  -Wthread-safety  -Wno-unused-variable CMakeFiles/cmTC_e9214.dir/src.cxx.o -o cmTC_e9214 
gmake[1]: Leaving directory '/home/ayman/thesis/AgarLE/build/temp.linux-x86_64-cpython-311/CMakeFiles/CMakeTmp'


Source file was:
int main() { return 0; }
Performing C++ SOURCE FILE Test BENCHMARK_HAS_O3_FLAG succeeded with the following output:
Change Dir: /home/ayman/thesis/AgarLE/build/temp.linux-x86_64-cpython-311/CMakeFiles/CMakeTmp

Run Build Command(s):/usr/bin/gmake -f Makefile cmTC_d94b3/fast && /usr/bin/gmake  -f CMakeFiles/cmTC_d94b3.dir/build.make CMakeFiles/cmTC_d94b3.dir/build
gmake[1]: Entering directory '/home/ayman/thesis/AgarLE/build/temp.linux-x86_64-cpython-311/CMakeFiles/CMakeTmp'
Building CXX object CMakeFiles/cmTC_d94b3.dir/src.cxx.o
/usr/bin/clang++ -DBENCHMARK_HAS_O3_FLAG  -DVERSION_INFO=\"0.0.1\"  -Wall  -Wextra  -Wshadow  -Wfloat-equal  -Wold-style-cast  -Wconversion  -Werror  -pedantic  -pedantic-errors  -Wshorten-64-to-32  -fstrict-aliasing  -Wno-deprecated-declarations  -Wno-deprecated  -Wstrict-aliasing  -Wthread-safety  -Wno-unused-variable    -O3 -std=c++14 -MD -MT CMakeFiles/cmTC_d94b3.dir/src.cxx.o -MF CMakeFiles/cmTC_d94b3.dir/src.cxx.o.d -o CMakeFiles/cmTC_d94b3.dir/src.cxx.o -c /home/ayman/thesis/AgarLE/build/temp.linux-x86_64-cpython-311/CMakeFiles/CMakeTmp/src.cxx
Linking CXX executable cmTC_d94b3
/usr/bin/cmake -E cmake_link_script CMakeFiles/cmTC_d94b3.dir/link.txt --verbose=1
/usr/bin/clang++ -DVERSION_INFO=\"0.0.1\"  -Wall  -Wextra  -Wshadow  -Wfloat-equal  -Wold-style-cast  -Wconversion  -Werror  -pedantic  -pedantic-errors  -Wshorten-64-to-32  -fstrict-aliasing  -Wno-deprecated-declarations  -Wno-deprecated  -Wstrict-aliasing  -Wthread-safety  -Wno-unused-variable  CMakeFiles/cmTC_d94b3.dir/src.cxx.o -o cmTC_d94b3 
gmake[1]: Leaving directory '/home/ayman/thesis/AgarLE/build/temp.linux-x86_64-cpython-311/CMakeFiles/CMakeTmp'


Source file was:
int main() { return 0; }
Performing C++ SOURCE FILE Test BENCHMARK_HAS_DEPRECATED_DECLARATIONS_FLAG succeeded with the following output:
Change Dir: /home/ayman/thesis/AgarLE/build/temp.linux-x86_64-cpython-311/CMakeFiles/CMakeTmp

Run Build Command(s):/usr/bin/gmake -f Makefile cmTC_fbad3/fast && /usr/bin/gmake  -f CMakeFiles/cmTC_fbad3.dir/build.make CMakeFiles/cmTC_fbad3.dir/build
gmake[1]: Entering directory '/home/ayman/thesis/AgarLE/build/temp.linux-x86_64-cpython-311/CMakeFiles/CMakeTmp'
Building CXX object CMakeFiles/cmTC_fbad3.dir/src.cxx.o
/usr/bin/clang++ -DBENCHMARK_HAS_DEPRECATED_DECLARATIONS_FLAG  -DVERSION_INFO=\"0.0.1\"  -Wall  -Wextra  -Wshadow  -Wfloat-equal  -Wold-style-cast  -Wconversion  -Werror  -pedantic  -pedantic-errors  -Wshorten-64-to-32  -fstrict-aliasing  -Wno-deprecated-declarations  -Wno-deprecated  -Wstrict-aliasing  -Wthread-safety  -Wno-unused-variable    -Werror=deprecated-declarations -std=c++14 -MD -MT CMakeFiles/cmTC_fbad3.dir/src.cxx.o -MF CMakeFiles/cmTC_fbad3.dir/src.cxx.o.d -o CMakeFiles/cmTC_fbad3.dir/src.cxx.o -c /home/ayman/thesis/AgarLE/build/temp.linux-x86_64-cpython-311/CMakeFiles/CMakeTmp/src.cxx
Linking CXX executable cmTC_fbad3
/usr/bin/cmake -E cmake_link_script CMakeFiles/cmTC_fbad3.dir/link.txt --verbose=1
/usr/bin/clang++ -DVERSION_INFO=\"0.0.1\"  -Wall  -Wextra  -Wshadow  -Wfloat-equal  -Wold-style-cast  -Wconversion  -Werror  -pedantic  -pedantic-errors  -Wshorten-64-to-32  -fstrict-aliasing  -Wno-deprecated-declarations  -Wno-deprecated  -Wstrict-aliasing  -Wthread-safety  -Wno-unused-variable  CMakeFiles/cmTC_fbad3.dir/src.cxx.o -o cmTC_fbad3 
gmake[1]: Leaving directory '/home/ayman/thesis/AgarLE/build/temp.linux-x86_64-cpython-311/CMakeFiles/CMakeTmp'


Source file was:
int main() { return 0; }
Performing C++ SOURCE FILE Test BENCHMARK_HAS_WNO_ODR succeeded with the following output:
Change Dir: /home/ayman/thesis/AgarLE/build/temp.linux-x86_64-cpython-311/CMakeFiles/CMakeTmp

Run Build Command(s):/usr/bin/gmake -f Makefile cmTC_ea1ce/fast && /usr/bin/gmake  -f CMakeFiles/cmTC_ea1ce.dir/build.make CMakeFiles/cmTC_ea1ce.dir/build
gmake[1]: Entering directory '/home/ayman/thesis/AgarLE/build/temp.linux-x86_64-cpython-311/CMakeFiles/CMakeTmp'
Building CXX object CMakeFiles/cmTC_ea1ce.dir/src.cxx.o
/usr/bin/clang++ -DBENCHMARK_HAS_WNO_ODR  -DVERSION_INFO=\"0.0.1\"  -Wall  -Wextra  -Wshadow  -Wfloat-equal  -Wold-style-cast  -Wconversion  -Werror  -pedantic  -pedantic-errors  -Wshorten-64-to-32  -fstrict-aliasing  -Wno-deprecated-declarations  -Wno-deprecated  -Wstrict-aliasing  -Wthread-safety  -Wno-unused-variable    -Wno-odr -std=c++14 -MD -MT CMakeFiles/cmTC_ea1ce.dir/src.cxx.o -MF CMakeFiles/cmTC_ea1ce.dir/src.cxx.o.d -o CMakeFiles/cmTC_ea1ce.dir/src.cxx.o -c /home/ayman/thesis/AgarLE/build/temp.linux-x86_64-cpython-311/CMakeFiles/CMakeTmp/src.cxx
Linking CXX executable cmTC_ea1ce
/usr/bin/cmake -E cmake_link_script CMakeFiles/cmTC_ea1ce.dir/link.txt --verbose=1
/usr/bin/clang++ -DVERSION_INFO=\"0.0.1\"  -Wall  -Wextra  -Wshadow  -Wfloat-equal  -Wold-style-cast  -Wconversion  -Werror  -pedantic  -pedantic-errors  -Wshorten-64-to-32  -fstrict-aliasing  -Wno-deprecated-declarations  -Wno-deprecated  -Wstrict-aliasing  -Wthread-safety  -Wno-unused-variable  CMakeFiles/cmTC_ea1ce.dir/src.cxx.o -o cmTC_ea1ce 
gmake[1]: Leaving directory '/home/ayman/thesis/AgarLE/build/temp.linux-x86_64-cpython-311/CMakeFiles/CMakeTmp'


Source file was:
int main() { return 0; }
Performing C++ SOURCE FILE Test HAS_FLTO succeeded with the following output:
Change Dir: /home/ayman/thesis/AgarLE/build/temp.linux-x86_64-cpython-311/CMakeFiles/CMakeTmp

Run Build Command(s):/usr/bin/gmake -f Makefile cmTC_797fe/fast && /usr/bin/gmake  -f CMakeFiles/cmTC_797fe.dir/build.make CMakeFiles/cmTC_797fe.dir/build
gmake[1]: Entering directory '/home/ayman/thesis/AgarLE/build/temp.linux-x86_64-cpython-311/CMakeFiles/CMakeTmp'
Building CXX object CMakeFiles/cmTC_797fe.dir/src.cxx.o
/usr/bin/clang++ -DHAS_FLTO  -DVERSION_INFO=\"0.0.1\"    -flto -std=gnu++17 -MD -MT CMakeFiles/cmTC_797fe.dir/src.cxx.o -MF CMakeFiles/cmTC_797fe.dir/src.cxx.o.d -o CMakeFiles/cmTC_797fe.dir/src.cxx.o -c /home/ayman/thesis/AgarLE/build/temp.linux-x86_64-cpython-311/CMakeFiles/CMakeTmp/src.cxx
Linking CXX executable cmTC_797fe
/usr/bin/cmake -E cmake_link_script CMakeFiles/cmTC_797fe.dir/link.txt --verbose=1
/usr/bin/clang++ -DVERSION_INFO=\"0.0.1\"  CMakeFiles/cmTC_797fe.dir/src.cxx.o -o cmTC_797fe  -flto 
gmake[1]: Leaving directory '/home/ayman/thesis/AgarLE/build/temp.linux-x86_64-cpython-311/CMakeFiles/CMakeTmp'


Source file was:
int main() { return 0; }
